file name | last modified | file size
/Users/sameernd/Desktop/SIEPR_RA/sameer_template/template/lib/gslab_make/sphinx/build/html/pages/source_logging.html | 2022-07-14 20:44:22 | 10468
/Users/sameernd/Desktop/SIEPR_RA/sameer_template/template/lib/gslab_make/test/test_makelog.py | 2022-07-14 20:44:22 | 2622
/Users/sameernd/Desktop/SIEPR_RA/sameer_template/template/lib/gslab_make/docs/_static/css/theme.css | 2022-07-14 20:44:21 | 129674
/Users/sameernd/Desktop/SIEPR_RA/sameer_template/template/lib/gslab_make/docs/pages/repository.html | 2022-07-14 20:44:21 | 11054
/Users/sameernd/Desktop/SIEPR_RA/sameer_template/template/lib/gslab_make/build/lib/test/test_make_utility.py | 2022-07-14 20:44:21 | 4867
/Users/sameernd/Desktop/SIEPR_RA/sameer_template/template/lib/gslab_make/sphinx/build/doctrees/pages/api/make_utility/gslab_make.make_utility.update_paths.doctree | 2022-07-14 20:44:21 | 7037
/Users/sameernd/Desktop/SIEPR_RA/sameer_template/template/lib/gslab_make/docs/pages/general_logging.html | 2022-07-14 20:44:21 | 14541
/Users/sameernd/Desktop/SIEPR_RA/sameer_template/template/lib/gslab_make/sphinx/source/pages/api/move_sources/gslab_make.move_sources.copy_inputs.rst | 2022-07-14 20:44:22 | 99
/Users/sameernd/Desktop/SIEPR_RA/sameer_template/template/lib/gslab_make/sphinx/build/html/_sources/pages/api/write_logs/gslab_make.write_logs.write_to_makelog.rst.txt | 2022-07-14 20:44:21 | 112
/Users/sameernd/Desktop/SIEPR_RA/sameer_template/template/lib/gslab_make/test/raw/run_program/lyx_file_comments.lyx | 2022-07-14 20:44:22 | 1694
/Users/sameernd/Desktop/SIEPR_RA/sameer_template/template/lib/gslab_make/docs/_static/fonts/Lato/lato-bolditalic.woff2 | 2022-07-14 20:44:21 | 193308
/Users/sameernd/Desktop/SIEPR_RA/sameer_template/template/lib/gslab_make/docs/_static/js/theme.js | 2022-07-14 20:44:21 | 5023
/Users/sameernd/Desktop/SIEPR_RA/sameer_template/template/lib/gslab_make/test/raw/log_sources/dir_depth/dir_depth/depth_2.txt | 2022-07-14 20:44:22 | 20
/Users/sameernd/Desktop/SIEPR_RA/sameer_template/template/lib/gslab_make/sphinx/source/pages/api/run_program/gslab_make.run_program.run_latex.rst | 2022-07-14 20:44:22 | 92
/Users/sameernd/Desktop/SIEPR_RA/sameer_template/template/lib/gslab_make/sphinx/build/html/pages/api/run_program/gslab_make.run_program.run_lyx.html | 2022-07-14 20:44:22 | 11916
/Users/sameernd/Desktop/SIEPR_RA/sameer_template/template/lib/gslab_make/docs/pages/api/check_repo/gslab_make.check_repo.check_module_size.html | 2022-07-14 20:44:21 | 8048
/Users/sameernd/Desktop/SIEPR_RA/sameer_template/template/lib/gslab_make/sphinx/build/html/_static/css/fonts/fontawesome-webfont.svg | 2022-07-14 20:44:21 | 444379
/Users/sameernd/Desktop/SIEPR_RA/sameer_template/template/lib/gslab_make/test/raw/move_sources/move_file.txt | 2022-07-14 20:44:22 | 64
/Users/sameernd/Desktop/SIEPR_RA/sameer_template/template/lib/gslab_make/sphinx/build/html/pages/program.html | 2022-07-14 20:44:22 | 61809
/Users/sameernd/Desktop/SIEPR_RA/sameer_template/template/lib/gslab_make/test/raw/move_sources/file space.txt | 2022-07-14 20:44:22 | 0
/Users/sameernd/Desktop/SIEPR_RA/sameer_template/template/lib/gslab_make/build/lib/gslab_make/textfill.py | 2022-07-14 20:44:21 | 5952
/Users/sameernd/Desktop/SIEPR_RA/sameer_template/template/lib/gslab_make/docs/pages/api/run_program/gslab_make.run_program.execute_command.html | 2022-07-14 20:44:21 | 10903
/Users/sameernd/Desktop/SIEPR_RA/sameer_template/template/lib/gslab_make/sphinx/build/html/_static/fonts/Lato/lato-bolditalic.woff2 | 2022-07-14 20:44:22 | 193308
/Users/sameernd/Desktop/SIEPR_RA/sameer_template/template/lib/gslab_make/docs/_sources/pages/api/run_program/gslab_make.run_program.run_jupyter.rst.txt | 2022-07-14 20:44:21 | 98
/Users/sameernd/Desktop/SIEPR_RA/sameer_template/template/lib/gslab_make/docs/_static/fonts/RobotoSlab/roboto-slab-v7-bold.ttf | 2022-07-14 20:44:21 | 170616
/Users/sameernd/Desktop/SIEPR_RA/sameer_template/template/lib/gslab_make/sphinx/source/pages/api/run_program/gslab_make.run_program.run_perl.rst | 2022-07-14 20:44:22 | 89
/Users/sameernd/Desktop/SIEPR_RA/sameer_template/template/lib/gslab_make/sphinx/build/html/_static/fonts/Lato/lato-bold.woff | 2022-07-14 20:44:22 | 309728
/Users/sameernd/Desktop/SIEPR_RA/sameer_template/template/lib/gslab_make/docs/_static/fonts/Lato/lato-italic.woff | 2022-07-14 20:44:21 | 328412
/Users/sameernd/Desktop/SIEPR_RA/sameer_template/template/lib/gslab_make/test/raw/tablefill/tablefill_╬▓.txt | 2022-07-14 20:44:22 | 73
/Users/sameernd/Desktop/SIEPR_RA/sameer_template/template/lib/gslab_make/test/raw/run_program/python_script space.py | 2022-07-14 20:44:22 | 169
/Users/sameernd/Desktop/SIEPR_RA/sameer_template/template/lib/gslab_make/docs/pages/api/move_sources/gslab_make.move_sources.copy_externals.html | 2022-07-14 20:44:21 | 12632
/Users/sameernd/Desktop/SIEPR_RA/sameer_template/template/lib/gslab_make/sphinx/build/html/_sources/pages/general_logging.rst.txt | 2022-07-14 20:44:21 | 655
/Users/sameernd/Desktop/SIEPR_RA/sameer_template/template/lib/gslab_make/sphinx/build/html/pages/api/modify_dir/gslab_make.modify_dir.clear_dir.html | 2022-07-14 20:44:22 | 7673
/Users/sameernd/Desktop/SIEPR_RA/sameer_template/template/lib/gslab_make/sphinx/build/html/pages/api/modify_dir/gslab_make.modify_dir.unzip.html | 2022-07-14 20:44:22 | 6505
/Users/sameernd/Desktop/SIEPR_RA/sameer_template/template/lib/gslab_make/test/raw/log_sources/move.txt | 2022-07-14 20:44:22 | 53
/Users/sameernd/Desktop/SIEPR_RA/sameer_template/template/lib/gslab_make/docs/_static/fonts/fontawesome-webfont.svg | 2022-07-14 20:44:21 | 444379
/Users/sameernd/Desktop/SIEPR_RA/sameer_template/template/lib/gslab_make/docs/_static/fonts/Lato/lato-bolditalic.woff | 2022-07-14 20:44:21 | 323344
/Users/sameernd/Desktop/SIEPR_RA/sameer_template/template/lib/gslab_make/sphinx/build/html/_static/fonts/fontawesome-webfont.eot | 2022-07-14 20:44:22 | 165742
/Users/sameernd/Desktop/SIEPR_RA/sameer_template/template/lib/gslab_make/test/raw/run_program/python_script_arg.py | 2022-07-14 20:44:22 | 180
/Users/sameernd/Desktop/SIEPR_RA/sameer_template/template/lib/gslab_make/sphinx/build/doctrees/pages/api/move_sources/gslab_make.move_sources.copy_externals.doctree | 2022-07-14 20:44:21 | 20913
/Users/sameernd/Desktop/SIEPR_RA/sameer_template/template/lib/gslab_make/sphinx/Makefile | 2022-07-14 20:44:21 | 683
/Users/sameernd/Desktop/SIEPR_RA/sameer_template/template/lib/gslab_make/sphinx/build/html/pages/api/check_repo/gslab_make.check_repo.check_module_size.html | 2022-07-14 20:44:22 | 8048
/Users/sameernd/Desktop/SIEPR_RA/sameer_template/template/lib/gslab_make/sphinx/build/html/_static/js/modernizr.min.js | 2022-07-14 20:44:22 | 15414
/Users/sameernd/Desktop/SIEPR_RA/sameer_template/template/lib/gslab_make/sphinx/source/pages/api/run_program/gslab_make.run_program.run_stata.rst | 2022-07-14 20:44:22 | 92
/Users/sameernd/Desktop/SIEPR_RA/sameer_template/template/lib/gslab_make/sphinx/build/html/_sources/pages/dummy.rst.txt | 2022-07-14 20:44:21 | 741
/Users/sameernd/Desktop/SIEPR_RA/sameer_template/template/lib/gslab_make/docs/_sources/pages/api/make_utility/gslab_make.make_utility.copy_output.rst.txt | 2022-07-14 20:44:21 | 99
/Users/sameernd/Desktop/SIEPR_RA/sameer_template/template/lib/gslab_make/test/raw/move_sources/move_dir.txt | 2022-07-14 20:44:22 | 54
/Users/sameernd/Desktop/SIEPR_RA/sameer_template/template/lib/gslab_make/docs/pages/api/run_program/gslab_make.run_program.run_perl.html | 2022-07-14 20:44:21 | 11018
/Users/sameernd/Desktop/SIEPR_RA/sameer_template/template/lib/gslab_make/sphinx/build/html/pages/api/make_utility/gslab_make.make_utility.update_paths.html | 2022-07-14 20:44:22 | 7232
/Users/sameernd/Desktop/SIEPR_RA/sameer_template/template/lib/gslab_make/test/raw/tablefill/tablefill_template space.lyx | 2022-07-14 20:44:22 | 4256
/Users/sameernd/Desktop/SIEPR_RA/sameer_template/template/lib/gslab_make/build/lib/gslab_make/textfill_info.py | 2022-07-14 20:44:21 | 6314
/Users/sameernd/Desktop/SIEPR_RA/sameer_template/template/lib/gslab_make/test/raw/tablefill/tablefill_no_tag.txt | 2022-07-14 20:44:22 | 56
/Users/sameernd/Desktop/SIEPR_RA/sameer_template/template/lib/gslab_make/sphinx/build/html/_static/css/fonts/lato-normal.woff2 | 2022-07-14 20:44:21 | 182708
/Users/sameernd/Desktop/SIEPR_RA/sameer_template/template/lib/gslab_make/test/raw/config/config_user_empty.yaml | 2022-07-14 20:44:22 | 96
/Users/sameernd/Desktop/SIEPR_RA/sameer_template/template/lib/gslab_make/sphinx/build/html/_sources/index.rst.txt | 2022-07-14 20:44:21 | 1039
/Users/sameernd/Desktop/SIEPR_RA/sameer_template/template/lib/gslab_make/gslab_make/private/__init__.py | 2022-07-14 20:44:21 | 0
/Users/sameernd/Desktop/SIEPR_RA/sameer_template/template/lib/gslab_make/build/lib/test/test_modify_dir.py | 2022-07-14 20:44:21 | 7852
/Users/sameernd/Desktop/SIEPR_RA/sameer_template/template/lib/gslab_make/gslab_make/write_logs.py | 2022-07-14 20:44:21 | 10665
/Users/sameernd/Desktop/SIEPR_RA/sameer_template/template/lib/gslab_make/docs/pages/api/run_program/gslab_make.run_program.run_sas.html | 2022-07-14 20:44:21 | 11428
/Users/sameernd/Desktop/SIEPR_RA/sameer_template/template/lib/gslab_make/sphinx/build/doctrees/pages/api/run_program/gslab_make.run_program.run_matlab.doctree | 2022-07-14 20:44:21 | 18331
/Users/sameernd/Desktop/SIEPR_RA/sameer_template/template/lib/gslab_make/gslab_make/write_source_logs.py | 2022-07-14 20:44:21 | 4866
/Users/sameernd/Desktop/SIEPR_RA/sameer_template/template/lib/gslab_make/sphinx/source/index.rst | 2022-07-14 20:44:22 | 1039
/Users/sameernd/Desktop/SIEPR_RA/sameer_template/template/lib/gslab_make/docs/_sources/pages/api/move_sources/gslab_make.move_sources.copy_externals.rst.txt | 2022-07-14 20:44:21 | 108
/Users/sameernd/Desktop/SIEPR_RA/sameer_template/template/lib/gslab_make/docs/_sources/pages/utility.rst.txt | 2022-07-14 20:44:21 | 327
/Users/sameernd/Desktop/SIEPR_RA/sameer_template/template/lib/gslab_make/docs/pages/directory.html | 2022-07-14 20:44:21 | 12560
/Users/sameernd/Desktop/SIEPR_RA/sameer_template/template/lib/gslab_make/docs/index.html | 2022-07-14 20:44:21 | 7356
/Users/sameernd/Desktop/SIEPR_RA/sameer_template/template/lib/gslab_make/sphinx/build/html/_sources/pages/filling.rst.txt | 2022-07-14 20:44:21 | 253
/Users/sameernd/Desktop/SIEPR_RA/sameer_template/template/lib/gslab_make/docs/search.html | 2022-07-14 20:44:21 | 4599
/Users/sameernd/Desktop/SIEPR_RA/sameer_template/template/lib/gslab_make/sphinx/build/html/_static/fonts/RobotoSlab-Bold.ttf | 2022-07-14 20:44:22 | 170616
/Users/sameernd/Desktop/SIEPR_RA/sameer_template/template/lib/gslab_make/test/raw/tablefill/tablefill_template.tex | 2022-07-14 20:44:22 | 942
/Users/sameernd/Desktop/SIEPR_RA/sameer_template/template/lib/gslab_make/test/raw/move_sources/move_bad_wildcard.txt | 2022-07-14 20:44:22 | 112
/Users/sameernd/Desktop/SIEPR_RA/sameer_template/template/lib/gslab_make/sphinx/build/html/objects.inv | 2022-07-14 20:44:22 | 1891
/Users/sameernd/Desktop/SIEPR_RA/sameer_template/template/lib/gslab_make/sphinx/build/html/_static/fonts/Lato/lato-regular.ttf | 2022-07-14 20:44:22 | 607720
/Users/sameernd/Desktop/SIEPR_RA/sameer_template/template/lib/gslab_make/docs/_static/fonts/Lato/lato-regular.woff2 | 2022-07-14 20:44:21 | 182708
/Users/sameernd/Desktop/SIEPR_RA/sameer_template/template/lib/gslab_make/sphinx/build/html/pages/api/write_source_logs/gslab_make.write_source_logs.write_source_logs.html | 2022-07-14 20:44:22 | 10411
/Users/sameernd/Desktop/SIEPR_RA/sameer_template/template/lib/gslab_make/sphinx/source/pages/program.rst | 2022-07-14 20:44:22 | 2704
/Users/sameernd/Desktop/SIEPR_RA/sameer_template/template/lib/gslab_make/sphinx/build/html/pages/api/move_sources/gslab_make.move_sources.copy_externals.html | 2022-07-14 20:44:22 | 12632
/Users/sameernd/Desktop/SIEPR_RA/sameer_template/template/lib/gslab_make/test/raw/log_outputs/dir/file.txt | 2022-07-14 20:44:22 | 20
/Users/sameernd/Desktop/SIEPR_RA/sameer_template/template/lib/gslab_make/gslab_make/private/__pycache__/programdirective.cpython-37.pyc | 2022-07-14 20:45:03 | 9930
/Users/sameernd/Desktop/SIEPR_RA/sameer_template/template/lib/gslab_make/docs/objects.inv | 2022-07-14 20:44:21 | 1891
/Users/sameernd/Desktop/SIEPR_RA/sameer_template/template/lib/gslab_make/build/lib/test/WIP_test_latex.py | 2022-07-14 20:44:21 | 2298
/Users/sameernd/Desktop/SIEPR_RA/sameer_template/template/lib/gslab_make/docs/_sources/pages/directory.rst.txt | 2022-07-14 20:44:21 | 344
/Users/sameernd/Desktop/SIEPR_RA/sameer_template/template/lib/gslab_make/sphinx/build/html/_static/js/theme.js | 2022-07-14 20:44:22 | 5023
/Users/sameernd/Desktop/SIEPR_RA/sameer_template/template/lib/gslab_make/gslab_make/textfill_info.py | 2022-07-14 20:44:21 | 6314
/Users/sameernd/Desktop/SIEPR_RA/sameer_template/template/lib/gslab_make/test/test_log_outputs.py | 2022-07-14 20:44:22 | 5431
/Users/sameernd/Desktop/SIEPR_RA/sameer_template/template/lib/gslab_make/docs/pages/api/move_sources/gslab_make.move_sources.link_externals.html | 2022-07-14 20:44:21 | 12855
/Users/sameernd/Desktop/SIEPR_RA/sameer_template/template/lib/gslab_make/docs/_static/fonts/RobotoSlab/roboto-slab-v7-bold.woff2 | 2022-07-14 20:44:21 | 67312
/Users/sameernd/Desktop/SIEPR_RA/sameer_template/template/lib/gslab_make/gslab_make/private/movedirective.py | 2022-07-14 20:44:21 | 12767
/Users/sameernd/Desktop/SIEPR_RA/sameer_template/template/lib/gslab_make/docs/pages/specifying_paths.html | 2022-07-14 20:44:21 | 11661
/Users/sameernd/Desktop/SIEPR_RA/sameer_template/template/lib/gslab_make/docs/_static/plus.png | 2022-07-14 20:44:21 | 90
/Users/sameernd/Desktop/SIEPR_RA/sameer_template/template/lib/gslab_make/docs/_static/fonts/RobotoSlab/roboto-slab-v7-regular.woff2 | 2022-07-14 20:44:21 | 66444
/Users/sameernd/Desktop/SIEPR_RA/sameer_template/template/lib/gslab_make/sphinx/build/html/_static/underscore-1.13.1.js | 2022-07-14 20:44:22 | 68420
/Users/sameernd/Desktop/SIEPR_RA/sameer_template/template/lib/gslab_make/docs/pages/dummy.html | 2022-07-14 20:44:21 | 18034
/Users/sameernd/Desktop/SIEPR_RA/sameer_template/template/lib/gslab_make/docs/pages/api/modify_dir/gslab_make.modify_dir.remove_dir.html | 2022-07-14 20:44:21 | 7872
/Users/sameernd/Desktop/SIEPR_RA/sameer_template/template/lib/gslab_make/sphinx/build/html/pages/api/run_program/gslab_make.run_program.run_module.html | 2022-07-14 20:44:22 | 10038
/Users/sameernd/Desktop/SIEPR_RA/sameer_template/template/lib/gslab_make/gslab_make/private/__pycache__/exceptionclasses.cpython-37.pyc | 2022-07-14 20:45:02 | 1420
/Users/sameernd/Desktop/SIEPR_RA/sameer_template/template/lib/gslab_make/docs/_static/fonts/fontawesome-webfont.eot | 2022-07-14 20:44:21 | 165742
/Users/sameernd/Desktop/SIEPR_RA/sameer_template/template/lib/gslab_make/docs/_static/documentation_options.js | 2022-07-14 20:44:21 | 422
/Users/sameernd/Desktop/SIEPR_RA/sameer_template/template/lib/gslab_make/sphinx/build/html/_sources/pages/api/run_program/gslab_make.run_program.run_stat_transfer.rst.txt | 2022-07-14 20:44:21 | 116
/Users/sameernd/Desktop/SIEPR_RA/sameer_template/template/lib/gslab_make/test/raw/tablefill/tablefill space.txt | 2022-07-14 20:44:22 | 66
/Users/sameernd/Desktop/SIEPR_RA/sameer_template/template/lib/gslab_make/sphinx/build/html/_static/js/html5shiv.min.js | 2022-07-14 20:44:22 | 2734
/Users/sameernd/Desktop/SIEPR_RA/sameer_template/template/lib/gslab_make/sphinx/build/html/_static/fonts/RobotoSlab/roboto-slab-v7-regular.woff2 | 2022-07-14 20:44:22 | 66444
/Users/sameernd/Desktop/SIEPR_RA/sameer_template/template/lib/gslab_make/test/raw/tablefill/tablefill_template_not_enough_values.lyx | 2022-07-14 20:44:22 | 3823
/Users/sameernd/Desktop/SIEPR_RA/sameer_template/template/lib/gslab_make/docs/_static/css/fonts/lato-bold-italic.woff | 2022-07-14 20:44:21 | 323344
/Users/sameernd/Desktop/SIEPR_RA/sameer_template/template/lib/gslab_make/sphinx/build/html/_sources/pages/api/modify_dir/gslab_make.modify_dir.unzip.rst.txt | 2022-07-14 20:44:21 | 79
/Users/sameernd/Desktop/SIEPR_RA/sameer_template/template/lib/gslab_make/test/raw/config/config_user_bad_executables.yaml | 2022-07-14 20:44:22 | 249
/Users/sameernd/Desktop/SIEPR_RA/sameer_template/template/lib/gslab_make/sphinx/source/pages/specifying_paths.rst | 2022-07-14 20:44:22 | 2616
/Users/sameernd/Desktop/SIEPR_RA/sameer_template/template/lib/gslab_make/sphinx/build/html/pages/api/modify_dir/gslab_make.modify_dir.zip_dir.html | 2022-07-14 20:44:22 | 6472
/Users/sameernd/Desktop/SIEPR_RA/sameer_template/template/lib/gslab_make/gslab_make/run_program.py | 2022-07-14 20:44:21 | 39416
/Users/sameernd/Desktop/SIEPR_RA/sameer_template/template/lib/gslab_make/docs/pages/sourcing.html | 2022-07-14 20:44:21 | 32888
/Users/sameernd/Desktop/SIEPR_RA/sameer_template/template/lib/gslab_make/sphinx/build/doctrees/pages/source_logging.doctree | 2022-07-14 20:44:21 | 20296
/Users/sameernd/Desktop/SIEPR_RA/sameer_template/template/lib/gslab_make/sphinx/build/html/_static/fonts/Lato-Bold.ttf | 2022-07-14 20:44:21 | 656544
/Users/sameernd/Desktop/SIEPR_RA/sameer_template/template/lib/gslab_make/test/raw/tablefill/tablefill_template_╬▓.lyx | 2022-07-14 20:44:22 | 4263
/Users/sameernd/Desktop/SIEPR_RA/sameer_template/template/lib/gslab_make/docs/_sources/pages/api/write_logs/gslab_make.write_logs.start_makelog.rst.txt | 2022-07-14 20:44:21 | 103
/Users/sameernd/Desktop/SIEPR_RA/sameer_template/template/lib/gslab_make/sphinx/source/pages/api/make_utility/gslab_make.make_utility.update_external_paths.rst | 2022-07-14 20:44:22 | 129
/Users/sameernd/Desktop/SIEPR_RA/sameer_template/template/lib/gslab_make/docs/_static/fonts/Lato/lato-regular.eot | 2022-07-14 20:44:21 | 253461
/Users/sameernd/Desktop/SIEPR_RA/sameer_template/template/lib/gslab_make/docs/_static/pygments.css | 2022-07-14 20:44:21 | 4819
/Users/sameernd/Desktop/SIEPR_RA/sameer_template/template/lib/gslab_make/test/raw/log_outputs/dir_local/file_local.txt | 2022-07-14 20:44:22 | 20
/Users/sameernd/Desktop/SIEPR_RA/sameer_template/template/lib/gslab_make/docs/_sources/pages/api/write_logs/gslab_make.write_logs.log_files_in_output.rst.txt | 2022-07-14 20:44:21 | 121
/Users/sameernd/Desktop/SIEPR_RA/sameer_template/template/lib/gslab_make/sphinx/build/html/pages/api/write_logs/gslab_make.write_logs.end_makelog.html | 2022-07-14 20:44:22 | 7254
/Users/sameernd/Desktop/SIEPR_RA/sameer_template/template/lib/gslab_make/sphinx/build/html/pages/utility.html | 2022-07-14 20:44:22 | 11836
/Users/sameernd/Desktop/SIEPR_RA/sameer_template/template/lib/gslab_make/docs/_sources/pages/general_logging.rst.txt | 2022-07-14 20:44:21 | 655
/Users/sameernd/Desktop/SIEPR_RA/sameer_template/template/lib/gslab_make/build/lib/test/EXCLUDE_test_perl.py | 2022-07-14 20:44:21 | 9024
/Users/sameernd/Desktop/SIEPR_RA/sameer_template/template/lib/gslab_make/sphinx/build/doctrees/pages/api/check_repo/gslab_make.check_repo.check_conda_status.doctree | 2022-07-14 20:44:21 | 6070
/Users/sameernd/Desktop/SIEPR_RA/sameer_template/template/lib/gslab_make/docs/_sources/pages/program.rst.txt | 2022-07-14 20:44:21 | 2704
/Users/sameernd/Desktop/SIEPR_RA/sameer_template/template/lib/gslab_make/sphinx/build/html/_static/pygments.css | 2022-07-14 20:44:22 | 4819
/Users/sameernd/Desktop/SIEPR_RA/sameer_template/template/lib/gslab_make/docs/_sources/pages/filling.rst.txt | 2022-07-14 20:44:21 | 253
/Users/sameernd/Desktop/SIEPR_RA/sameer_template/template/lib/gslab_make/gslab_make/private/__pycache__/metadata.cpython-37.pyc | 2022-07-14 20:45:02 | 2017
/Users/sameernd/Desktop/SIEPR_RA/sameer_template/template/lib/gslab_make/sphinx/build/html/_static/doctools.js | 2022-07-14 20:44:21 | 10766
/Users/sameernd/Desktop/SIEPR_RA/sameer_template/template/lib/gslab_make/docs/_static/fonts/Lato/lato-regular.ttf | 2022-07-14 20:44:21 | 607720
/Users/sameernd/Desktop/SIEPR_RA/sameer_template/template/lib/gslab_make/docs/_static/underscore.js | 2022-07-14 20:44:21 | 19530
/Users/sameernd/Desktop/SIEPR_RA/sameer_template/template/lib/gslab_make/sphinx/build/html/pages/api/run_program/gslab_make.run_program.run_mathematica.html | 2022-07-14 20:44:22 | 11027
/Users/sameernd/Desktop/SIEPR_RA/sameer_template/template/lib/gslab_make/sphinx/build/doctrees/pages/api/run_program/gslab_make.run_program.run_sas.doctree | 2022-07-14 20:44:21 | 20402
/Users/sameernd/Desktop/SIEPR_RA/sameer_template/template/lib/gslab_make/sphinx/build/html/pages/api/move_sources/gslab_make.move_sources.link_externals.html | 2022-07-14 20:44:22 | 12855
/Users/sameernd/Desktop/SIEPR_RA/sameer_template/template/lib/gslab_make/sphinx/build/doctrees/pages/repository.doctree | 2022-07-14 20:44:21 | 24702
/Users/sameernd/Desktop/SIEPR_RA/sameer_template/template/lib/gslab_make/sphinx/build/doctrees/index.doctree | 2022-07-14 20:44:21 | 5998
/Users/sameernd/Desktop/SIEPR_RA/sameer_template/template/lib/gslab_make/docs/_static/fonts/Lato/lato-italic.eot | 2022-07-14 20:44:21 | 268604
/Users/sameernd/Desktop/SIEPR_RA/sameer_template/template/lib/gslab_make/sphinx/build/html/_static/fonts/RobotoSlab/roboto-slab-v7-regular.woff | 2022-07-14 20:44:22 | 86288
/Users/sameernd/Desktop/SIEPR_RA/sameer_template/template/lib/gslab_make/build/lib/test/test_tablefill.py | 2022-07-14 20:44:21 | 4588
/Users/sameernd/Desktop/SIEPR_RA/sameer_template/template/lib/gslab_make/test/test_make_utility.py | 2022-07-14 20:44:22 | 4867
/Users/sameernd/Desktop/SIEPR_RA/sameer_template/template/lib/gslab_make/sphinx/build/doctrees/pages/api/write_logs/gslab_make.write_logs.start_makelog.doctree | 2022-07-14 20:44:21 | 7548
/Users/sameernd/Desktop/SIEPR_RA/sameer_template/template/lib/gslab_make/build/lib/test/WIP_test_matlab.py | 2022-07-14 20:44:21 | 8781
/Users/sameernd/Desktop/SIEPR_RA/sameer_template/template/lib/gslab_make/sphinx/build/html/pages/api/make_utility/gslab_make.make_utility.update_external_paths.html | 2022-07-14 20:44:22 | 8106
/Users/sameernd/Desktop/SIEPR_RA/sameer_template/template/lib/gslab_make/sphinx/build/html/_static/fonts/Lato/lato-regular.eot | 2022-07-14 20:44:22 | 253461
/Users/sameernd/Desktop/SIEPR_RA/sameer_template/template/lib/gslab_make/sphinx/build/html/_static/js/badge_only.js | 2022-07-14 20:44:22 | 934
/Users/sameernd/Desktop/SIEPR_RA/sameer_template/template/lib/gslab_make/sphinx/build/html/_static/fonts/Lato/lato-bolditalic.ttf | 2022-07-14 20:44:22 | 622572
/Users/sameernd/Desktop/SIEPR_RA/sameer_template/template/lib/gslab_make/docs/_sources/pages/api/modify_dir/gslab_make.modify_dir.clear_dir.rst.txt | 2022-07-14 20:44:21 | 91
/Users/sameernd/Desktop/SIEPR_RA/sameer_template/template/lib/gslab_make/sphinx/build/html/_static/css/fonts/fontawesome-webfont.ttf | 2022-07-14 20:44:21 | 165548
/Users/sameernd/Desktop/SIEPR_RA/sameer_template/template/lib/gslab_make/sphinx/source/pages/dummy.rst | 2022-07-14 20:44:22 | 741
/Users/sameernd/Desktop/SIEPR_RA/sameer_template/template/lib/gslab_make/docs/pages/api/move_sources/gslab_make.move_sources.link_inputs.html | 2022-07-14 20:44:21 | 12821
/Users/sameernd/Desktop/SIEPR_RA/sameer_template/template/lib/gslab_make/docs/_sources/pages/api/run_program/gslab_make.run_program.execute_command.rst.txt | 2022-07-14 20:44:21 | 110
/Users/sameernd/Desktop/SIEPR_RA/sameer_template/template/lib/gslab_make/sphinx/source/pages/api/run_program/gslab_make.run_program.run_sas.rst | 2022-07-14 20:44:22 | 86
/Users/sameernd/Desktop/SIEPR_RA/sameer_template/template/lib/gslab_make/docs/pages/api/check_repo/gslab_make.check_repo.get_modified_sources.html | 2022-07-14 20:44:21 | 8379
/Users/sameernd/Desktop/SIEPR_RA/sameer_template/template/lib/gslab_make/sphinx/build/doctrees/pages/api/write_logs/gslab_make.write_logs.log_files_in_output.doctree | 2022-07-14 20:44:21 | 17405
/Users/sameernd/Desktop/SIEPR_RA/sameer_template/template/lib/gslab_make/docs/_static/underscore-1.13.1.js | 2022-07-14 20:44:21 | 68420
/Users/sameernd/Desktop/SIEPR_RA/sameer_template/template/lib/gslab_make/docs/pages/api/write_logs/gslab_make.write_logs.log_files_in_output.html | 2022-07-14 20:44:21 | 10434
/Users/sameernd/Desktop/SIEPR_RA/sameer_template/template/lib/gslab_make/sphinx/source/pages/api/run_program/gslab_make.run_program.run_matlab.rst | 2022-07-14 20:44:22 | 95
/Users/sameernd/Desktop/SIEPR_RA/sameer_template/template/lib/gslab_make/sphinx/build/html/_sources/pages/source_logging.rst.txt | 2022-07-14 20:44:21 | 380
/Users/sameernd/Desktop/SIEPR_RA/sameer_template/template/lib/gslab_make/docs/pages/api/make_utility/gslab_make.make_utility.update_external_paths.html | 2022-07-14 20:44:21 | 8106
/Users/sameernd/Desktop/SIEPR_RA/sameer_template/template/lib/gslab_make/docs/_static/fonts/Lato/lato-bold.woff | 2022-07-14 20:44:21 | 309728
/Users/sameernd/Desktop/SIEPR_RA/sameer_template/template/lib/gslab_make/sphinx/source/pages/directory.rst | 2022-07-14 20:44:22 | 344
/Users/sameernd/Desktop/SIEPR_RA/sameer_template/template/lib/gslab_make/docs/_sources/pages/api/run_program/gslab_make.run_program.run_stata.rst.txt | 2022-07-14 20:44:21 | 92
/Users/sameernd/Desktop/SIEPR_RA/sameer_template/template/lib/gslab_make/docs/_sources/pages/api/run_program/gslab_make.run_program.run_r.rst.txt | 2022-07-14 20:44:21 | 80
/Users/sameernd/Desktop/SIEPR_RA/sameer_template/template/lib/gslab_make/docs/pages/api/check_repo/gslab_make.check_repo.check_conda_status.html | 2022-07-14 20:44:21 | 6815
/Users/sameernd/Desktop/SIEPR_RA/sameer_template/template/lib/gslab_make/sphinx/source/pages/api/run_program/gslab_make.run_program.run_python.rst | 2022-07-14 20:44:22 | 95
/Users/sameernd/Desktop/SIEPR_RA/sameer_template/template/lib/gslab_make/docs/pages/api/write_logs/gslab_make.write_logs.write_to_makelog.html | 2022-07-14 20:44:21 | 7303
/Users/sameernd/Desktop/SIEPR_RA/sameer_template/template/lib/gslab_make/docs/_static/jquery.js | 2022-07-14 20:44:21 | 89476
/Users/sameernd/Desktop/SIEPR_RA/sameer_template/template/lib/gslab_make/setup.py | 2022-07-14 20:44:21 | 738
/Users/sameernd/Desktop/SIEPR_RA/sameer_template/template/lib/gslab_make/sphinx/build/html/_sources/pages/api/tablefill/gslab_make.tablefill.tablefill.rst.txt | 2022-07-14 20:44:21 | 90
/Users/sameernd/Desktop/SIEPR_RA/sameer_template/template/lib/gslab_make/build/lib/gslab_make/__init__.py | 2022-07-14 20:44:21 | 2685
/Users/sameernd/Desktop/SIEPR_RA/sameer_template/template/lib/gslab_make/test/raw/config/config_user_╬▓.yaml | 2022-07-14 20:44:22 | 236
/Users/sameernd/Desktop/SIEPR_RA/sameer_template/template/lib/gslab_make/sphinx/build/html/_static/basic.css | 2022-07-14 20:44:21 | 14692
/Users/sameernd/Desktop/SIEPR_RA/sameer_template/template/lib/gslab_make/docs/_sources/pages/api/write_logs/gslab_make.write_logs.write_to_makelog.rst.txt | 2022-07-14 20:44:21 | 112
/Users/sameernd/Desktop/SIEPR_RA/sameer_template/template/lib/gslab_make/gslab_make/private/__pycache__/utility.cpython-37.pyc | 2022-07-14 20:45:03 | 6432
/Users/sameernd/Desktop/SIEPR_RA/sameer_template/template/lib/gslab_make/docs/_sources/pages/sourcing.rst.txt | 2022-07-14 20:44:21 | 548
/Users/sameernd/Desktop/SIEPR_RA/sameer_template/template/lib/gslab_make/docs/pages/api/write_source_logs/gslab_make.write_source_logs.write_source_logs.html | 2022-07-14 20:44:21 | 10411
/Users/sameernd/Desktop/SIEPR_RA/sameer_template/template/lib/gslab_make/sphinx/source/pages/api/make_utility/gslab_make.make_utility.copy_output.rst | 2022-07-14 20:44:22 | 99
/Users/sameernd/Desktop/SIEPR_RA/sameer_template/template/lib/gslab_make/sphinx/build/html/_static/fonts/Lato-Regular.ttf | 2022-07-14 20:44:21 | 656568
/Users/sameernd/Desktop/SIEPR_RA/sameer_template/template/lib/gslab_make/docs/_static/css/fonts/fontawesome-webfont.ttf | 2022-07-14 20:44:21 | 165548
/Users/sameernd/Desktop/SIEPR_RA/sameer_template/template/lib/gslab_make/setup.cfg | 2022-07-14 20:44:21 | 416
/Users/sameernd/Desktop/SIEPR_RA/sameer_template/template/lib/gslab_make/sphinx/build/html/_static/fonts/RobotoSlab/roboto-slab-v7-bold.woff2 | 2022-07-14 20:44:22 | 67312
/Users/sameernd/Desktop/SIEPR_RA/sameer_template/template/lib/gslab_make/sphinx/build/html/_sources/pages/api/run_program/gslab_make.run_program.run_matlab.rst.txt | 2022-07-14 20:44:21 | 95
/Users/sameernd/Desktop/SIEPR_RA/sameer_template/template/lib/gslab_make/test/raw/move_sources/move_bad_key.txt | 2022-07-14 20:44:22 | 48
/Users/sameernd/Desktop/SIEPR_RA/sameer_template/template/lib/gslab_make/gslab_make/__pycache__/run_program.cpython-37.pyc | 2022-07-14 20:45:03 | 30742
/Users/sameernd/Desktop/SIEPR_RA/sameer_template/template/lib/gslab_make/docs/_static/jquery-3.2.1.js | 2022-07-14 20:44:21 | 268039
/Users/sameernd/Desktop/SIEPR_RA/sameer_template/template/lib/gslab_make/sphinx/build/html/_static/graphviz.css | 2022-07-14 20:44:22 | 299
/Users/sameernd/Desktop/SIEPR_RA/sameer_template/template/lib/gslab_make/LICENSE.txt | 2022-07-14 20:44:21 | 1083
/Users/sameernd/Desktop/SIEPR_RA/sameer_template/template/lib/gslab_make/sphinx/build/html/_static/underscore.js | 2022-07-14 20:44:22 | 19530
/Users/sameernd/Desktop/SIEPR_RA/sameer_template/template/lib/gslab_make/docs/searchindex.js | 2022-07-14 20:44:21 | 22582
/Users/sameernd/Desktop/SIEPR_RA/sameer_template/template/lib/gslab_make/sphinx/build/html/pages/api/run_program/gslab_make.run_program.run_python.html | 2022-07-14 20:44:22 | 11008
/Users/sameernd/Desktop/SIEPR_RA/sameer_template/template/lib/gslab_make/docs/_sources/pages/api/run_program/gslab_make.run_program.run_latex.rst.txt | 2022-07-14 20:44:21 | 92
/Users/sameernd/Desktop/SIEPR_RA/sameer_template/template/lib/gslab_make/test/raw/log_sources/move_recursion.txt | 2022-07-14 20:44:22 | 34
/Users/sameernd/Desktop/SIEPR_RA/sameer_template/template/lib/gslab_make/docs/_static/css/fonts/lato-normal-italic.woff2 | 2022-07-14 20:44:21 | 195704
/Users/sameernd/Desktop/SIEPR_RA/sameer_template/template/lib/gslab_make/sphinx/build/html/_sources/pages/api/move_sources/gslab_make.move_sources.link_inputs.rst.txt | 2022-07-14 20:44:21 | 99
/Users/sameernd/Desktop/SIEPR_RA/sameer_template/template/lib/gslab_make/sphinx/source/pages/api/check_repo/gslab_make.check_repo.check_module_size.rst | 2022-07-14 20:44:22 | 115
/Users/sameernd/Desktop/SIEPR_RA/sameer_template/template/lib/gslab_make/docs/_static/fonts/RobotoSlab/roboto-slab-v7-regular.ttf | 2022-07-14 20:44:21 | 169064
/Users/sameernd/Desktop/SIEPR_RA/sameer_template/template/lib/gslab_make/sphinx/source/pages/api/run_program/gslab_make.run_program.run_module.rst | 2022-07-14 20:44:22 | 95
/Users/sameernd/Desktop/SIEPR_RA/sameer_template/template/lib/gslab_make/sphinx/build/doctrees/pages/api/run_program/gslab_make.run_program.run_module.doctree | 2022-07-14 20:44:21 | 12720
/Users/sameernd/Desktop/SIEPR_RA/sameer_template/template/lib/gslab_make/sphinx/build/html/pages/api/run_program/gslab_make.run_program.run_sas.html | 2022-07-14 20:44:22 | 11428
/Users/sameernd/Desktop/SIEPR_RA/sameer_template/template/lib/gslab_make/test/raw/log_sources/move space.txt | 2022-07-14 20:44:22 | 65
/Users/sameernd/Desktop/SIEPR_RA/sameer_template/template/lib/gslab_make/sphinx/build/html/_sources/pages/api/write_source_logs/gslab_make.write_source_logs.write_source_logs.rst.txt | 2022-07-14 20:44:21 | 122
/Users/sameernd/Desktop/SIEPR_RA/sameer_template/template/lib/gslab_make/sphinx/source/pages/filling.rst | 2022-07-14 20:44:22 | 253
/Users/sameernd/Desktop/SIEPR_RA/sameer_template/template/lib/gslab_make/build/lib/gslab_make/private/movedirective.py | 2022-07-14 20:44:21 | 12767
/Users/sameernd/Desktop/SIEPR_RA/sameer_template/template/lib/gslab_make/sphinx/build/html/_static/fonts/fontawesome-webfont.woff | 2022-07-14 20:44:22 | 98024
/Users/sameernd/Desktop/SIEPR_RA/sameer_template/template/lib/gslab_make/sphinx/build/html/_sources/pages/specifying_paths.rst.txt | 2022-07-14 20:44:21 | 2616
/Users/sameernd/Desktop/SIEPR_RA/sameer_template/template/lib/gslab_make/docs/_static/fonts/RobotoSlab-Regular.ttf | 2022-07-14 20:44:21 | 169064
/Users/sameernd/Desktop/SIEPR_RA/sameer_template/template/lib/gslab_make/test/EXCLUDE_test_lyx.py | 2022-07-14 20:44:22 | 10072
/Users/sameernd/Desktop/SIEPR_RA/sameer_template/template/lib/gslab_make/sphinx/build/html/_static/css/fonts/lato-bold.woff | 2022-07-14 20:44:21 | 309728
/Users/sameernd/Desktop/SIEPR_RA/sameer_template/template/lib/gslab_make/sphinx/build/doctrees/pages/api/run_program/gslab_make.run_program.run_mathematica.doctree | 2022-07-14 20:44:21 | 18416
/Users/sameernd/Desktop/SIEPR_RA/sameer_template/template/lib/gslab_make/docs/pages/source_logging.html | 2022-07-14 20:44:21 | 10468
/Users/sameernd/Desktop/SIEPR_RA/sameer_template/template/lib/gslab_make/docs/_sources/pages/repository.rst.txt | 2022-07-14 20:44:21 | 363
/Users/sameernd/Desktop/SIEPR_RA/sameer_template/template/lib/gslab_make/build/lib/test/test_makelog.py | 2022-07-14 20:44:21 | 2622
/Users/sameernd/Desktop/SIEPR_RA/sameer_template/template/lib/gslab_make/sphinx/build/html/_static/css/fonts/lato-bold-italic.woff2 | 2022-07-14 20:44:21 | 193308
/Users/sameernd/Desktop/SIEPR_RA/sameer_template/template/lib/gslab_make/sphinx/source/pages/api/run_program/gslab_make.run_program.execute_command.rst | 2022-07-14 20:44:22 | 110
/Users/sameernd/Desktop/SIEPR_RA/sameer_template/template/lib/gslab_make/gslab_make/__pycache__/textfill.cpython-37.pyc | 2022-07-14 20:45:03 | 5022
/Users/sameernd/Desktop/SIEPR_RA/sameer_template/template/lib/gslab_make/test/raw/config/config_user_bad.yaml | 2022-07-14 20:44:22 | 131
/Users/sameernd/Desktop/SIEPR_RA/sameer_template/template/lib/gslab_make/test/README.md | 2022-07-14 20:44:22 | 830
/Users/sameernd/Desktop/SIEPR_RA/sameer_template/template/lib/gslab_make/sphinx/build/html/pages/directory.html | 2022-07-14 20:44:22 | 12560
/Users/sameernd/Desktop/SIEPR_RA/sameer_template/template/lib/gslab_make/sphinx/build/html/_static/jquery-3.2.1.js | 2022-07-14 20:44:22 | 268039
/Users/sameernd/Desktop/SIEPR_RA/sameer_template/template/lib/gslab_make/test/raw/tablefill/tablefill_template_missing_input.lyx | 2022-07-14 20:44:22 | 4264
/Users/sameernd/Desktop/SIEPR_RA/sameer_template/template/lib/gslab_make/test/raw/move_sources/move_wildcard.txt | 2022-07-14 20:44:22 | 66
/Users/sameernd/Desktop/SIEPR_RA/sameer_template/template/lib/gslab_make/sphinx/build/doctrees/pages/api/move_sources/gslab_make.move_sources.copy_inputs.doctree | 2022-07-14 20:44:21 | 20820
/Users/sameernd/Desktop/SIEPR_RA/sameer_template/template/lib/gslab_make/docs/_static/underscore-1.12.0.js | 2022-07-14 20:44:21 | 67692
/Users/sameernd/Desktop/SIEPR_RA/sameer_template/template/lib/gslab_make/test/raw/run_program/r_script_╬▓.R | 2022-07-14 20:44:22 | 107
/Users/sameernd/Desktop/SIEPR_RA/sameer_template/template/lib/gslab_make/sphinx/build/html/_static/fonts/RobotoSlab/roboto-slab-v7-bold.ttf | 2022-07-14 20:44:22 | 170616
/Users/sameernd/Desktop/SIEPR_RA/sameer_template/template/lib/gslab_make/docs/_sources/pages/api/make_utility/gslab_make.make_utility.update_paths.rst.txt | 2022-07-14 20:44:21 | 102
/Users/sameernd/Desktop/SIEPR_RA/sameer_template/template/lib/gslab_make/sphinx/build/html/_static/fonts/Lato/lato-regular.woff | 2022-07-14 20:44:22 | 309192
/Users/sameernd/Desktop/SIEPR_RA/sameer_template/template/lib/gslab_make/sphinx/build/html/_static/fonts/Lato/lato-italic.eot | 2022-07-14 20:44:22 | 268604
/Users/sameernd/Desktop/SIEPR_RA/sameer_template/template/lib/gslab_make/sphinx/build/html/pages/api/check_repo/gslab_make.check_repo.check_conda_status.html | 2022-07-14 20:44:22 | 6815
/Users/sameernd/Desktop/SIEPR_RA/sameer_template/template/lib/gslab_make/docs/pages/api/run_program/gslab_make.run_program.run_stat_transfer.html | 2022-07-14 20:44:21 | 11136
/Users/sameernd/Desktop/SIEPR_RA/sameer_template/template/lib/gslab_make/docs/_static/fonts/Lato/lato-bolditalic.ttf | 2022-07-14 20:44:21 | 622572
/Users/sameernd/Desktop/SIEPR_RA/sameer_template/template/lib/gslab_make/sphinx/source/conf.py | 2022-07-14 20:44:22 | 1537
/Users/sameernd/Desktop/SIEPR_RA/sameer_template/template/lib/gslab_make/sphinx/build/html/_sources/pages/api/run_program/gslab_make.run_program.run_jupyter.rst.txt | 2022-07-14 20:44:21 | 98
/Users/sameernd/Desktop/SIEPR_RA/sameer_template/template/lib/gslab_make/test/raw/run_program/python_script_╬▓.py | 2022-07-14 20:44:22 | 169
/Users/sameernd/Desktop/SIEPR_RA/sameer_template/template/lib/gslab_make/docs/pages/api/run_program/gslab_make.run_program.run_python.html | 2022-07-14 20:44:21 | 11008
/Users/sameernd/Desktop/SIEPR_RA/sameer_template/template/lib/gslab_make/build/lib/gslab_make/run_program.py | 2022-07-14 20:44:21 | 39416
/Users/sameernd/Desktop/SIEPR_RA/sameer_template/template/lib/gslab_make/docs/_static/fonts/Lato/lato-italic.ttf | 2022-07-14 20:44:21 | 639388
/Users/sameernd/Desktop/SIEPR_RA/sameer_template/template/lib/gslab_make/docs/_static/doctools.js | 2022-07-14 20:44:21 | 10766
/Users/sameernd/Desktop/SIEPR_RA/sameer_template/template/lib/gslab_make/sphinx/build/html/pages/api/run_program/gslab_make.run_program.run_perl.html | 2022-07-14 20:44:22 | 11018
/Users/sameernd/Desktop/SIEPR_RA/sameer_template/template/lib/gslab_make/docs/_static/language_data.js | 2022-07-14 20:44:21 | 10854
/Users/sameernd/Desktop/SIEPR_RA/sameer_template/template/lib/gslab_make/gslab_make/move_sources.py | 2022-07-14 20:44:21 | 19397
/Users/sameernd/Desktop/SIEPR_RA/sameer_template/template/lib/gslab_make/docs/_sources/pages/api/move_sources/gslab_make.move_sources.copy_inputs.rst.txt | 2022-07-14 20:44:21 | 99
/Users/sameernd/Desktop/SIEPR_RA/sameer_template/template/lib/gslab_make/sphinx/build/html/_sources/pages/api/check_repo/gslab_make.check_repo.get_modified_sources.rst.txt | 2022-07-14 20:44:21 | 124
/Users/sameernd/Desktop/SIEPR_RA/sameer_template/template/lib/gslab_make/test/raw/move_sources/move_missing.txt | 2022-07-14 20:44:22 | 80
/Users/sameernd/Desktop/SIEPR_RA/sameer_template/template/lib/gslab_make/docs/_sources/pages/api/run_program/gslab_make.run_program.run_sas.rst.txt | 2022-07-14 20:44:21 | 86
/Users/sameernd/Desktop/SIEPR_RA/sameer_template/template/lib/gslab_make/sphinx/build/doctrees/pages/api/modify_dir/gslab_make.modify_dir.unzip.doctree | 2022-07-14 20:44:21 | 7059
/Users/sameernd/Desktop/SIEPR_RA/sameer_template/template/lib/gslab_make/sphinx/build/doctrees/environment.pickle | 2022-07-14 20:44:21 | 68058
/Users/sameernd/Desktop/SIEPR_RA/sameer_template/template/lib/gslab_make/sphinx/build/doctrees/pages/api/write_logs/gslab_make.write_logs.write_to_makelog.doctree | 2022-07-14 20:44:21 | 7972
/Users/sameernd/Desktop/SIEPR_RA/sameer_template/template/lib/gslab_make/docs/_sources/pages/api/check_repo/gslab_make.check_repo.check_conda_status.rst.txt | 2022-07-14 20:44:21 | 118
/Users/sameernd/Desktop/SIEPR_RA/sameer_template/template/lib/gslab_make/sphinx/build/html/pages/dummy.html | 2022-07-14 20:44:22 | 18034
/Users/sameernd/Desktop/SIEPR_RA/sameer_template/template/lib/gslab_make/build/lib/gslab_make/private/__init__.py | 2022-07-14 20:44:21 | 0
/Users/sameernd/Desktop/SIEPR_RA/sameer_template/template/lib/gslab_make/sphinx/build/html/_static/css/fonts/lato-bold-italic.woff | 2022-07-14 20:44:21 | 323344
/Users/sameernd/Desktop/SIEPR_RA/sameer_template/template/lib/gslab_make/sphinx/build/html/_sources/pages/api/run_program/gslab_make.run_program.run_stata.rst.txt | 2022-07-14 20:44:21 | 92
/Users/sameernd/Desktop/SIEPR_RA/sameer_template/template/lib/gslab_make/docs/pages/api/run_program/gslab_make.run_program.run_r.html | 2022-07-14 20:44:21 | 10937
/Users/sameernd/Desktop/SIEPR_RA/sameer_template/template/lib/gslab_make/test/test_modify_dir.py | 2022-07-14 20:44:22 | 7852
/Users/sameernd/Desktop/SIEPR_RA/sameer_template/template/lib/gslab_make/sphinx/build/html/_static/fonts/RobotoSlab/roboto-slab-v7-bold.woff | 2022-07-14 20:44:22 | 87624
/Users/sameernd/Desktop/SIEPR_RA/sameer_template/template/lib/gslab_make/docs/pages/api/run_program/gslab_make.run_program.run_lyx.html | 2022-07-14 20:44:21 | 11916
/Users/sameernd/Desktop/SIEPR_RA/sameer_template/template/lib/gslab_make/sphinx/build/html/_static/fonts/fontawesome-webfont.ttf | 2022-07-14 20:44:22 | 165548
/Users/sameernd/Desktop/SIEPR_RA/sameer_template/template/lib/gslab_make/sphinx/build/doctrees/pages/filling.doctree | 2022-07-14 20:44:21 | 28685
/Users/sameernd/Desktop/SIEPR_RA/sameer_template/template/lib/gslab_make/gslab_make/textfill.py | 2022-07-14 20:44:21 | 5952
/Users/sameernd/Desktop/SIEPR_RA/sameer_template/template/lib/gslab_make/sphinx/build/html/_static/fonts/Lato/lato-bold.ttf | 2022-07-14 20:44:22 | 600856
/Users/sameernd/Desktop/SIEPR_RA/sameer_template/template/lib/gslab_make/sphinx/build/html/_static/css/fonts/lato-normal-italic.woff2 | 2022-07-14 20:44:21 | 195704
/Users/sameernd/Desktop/SIEPR_RA/sameer_template/template/lib/gslab_make/sphinx/source/pages/api/tablefill/gslab_make.tablefill.tablefill.rst | 2022-07-14 20:44:22 | 90
/Users/sameernd/Desktop/SIEPR_RA/sameer_template/template/lib/gslab_make/sphinx/build/html/_sources/pages/api/modify_dir/gslab_make.modify_dir.zip_dir.rst.txt | 2022-07-14 20:44:21 | 85
/Users/sameernd/Desktop/SIEPR_RA/sameer_template/template/lib/gslab_make/sphinx/build/html/_static/fonts/Inconsolata.ttf | 2022-07-14 20:44:21 | 63184
/Users/sameernd/Desktop/SIEPR_RA/sameer_template/template/lib/gslab_make/gslab_make/__pycache__/move_sources.cpython-37.pyc | 2022-07-14 20:45:03 | 18483
/Users/sameernd/Desktop/SIEPR_RA/sameer_template/template/lib/gslab_make/test/raw/tablefill/tablefill_duplicated.txt | 2022-07-14 20:44:22 | 66
/Users/sameernd/Desktop/SIEPR_RA/sameer_template/template/lib/gslab_make/test/raw/move_sources/file.txt | 2022-07-14 20:44:22 | 0
/Users/sameernd/Desktop/SIEPR_RA/sameer_template/template/lib/gslab_make/gslab_make/make_utility.py | 2022-07-14 20:44:21 | 5785
/Users/sameernd/Desktop/SIEPR_RA/sameer_template/template/lib/gslab_make/test/raw/run_program/lyx_file_handout.lyx | 2022-07-14 20:44:22 | 2000
/Users/sameernd/Desktop/SIEPR_RA/sameer_template/template/lib/gslab_make/docs/_sources/pages/api/modify_dir/gslab_make.modify_dir.zip_dir.rst.txt | 2022-07-14 20:44:21 | 85
/Users/sameernd/Desktop/SIEPR_RA/sameer_template/template/lib/gslab_make/build/lib/test/__init__.py | 2022-07-14 20:44:21 | 0
/Users/sameernd/Desktop/SIEPR_RA/sameer_template/template/lib/gslab_make/sphinx/build/doctrees/pages/api/tablefill/gslab_make.tablefill.tablefill.doctree | 2022-07-14 20:44:21 | 27771
/Users/sameernd/Desktop/SIEPR_RA/sameer_template/template/lib/gslab_make/sphinx/build/html/_sources/pages/api/make_utility/gslab_make.make_utility.copy_output.rst.txt | 2022-07-14 20:44:21 | 99
/Users/sameernd/Desktop/SIEPR_RA/sameer_template/template/lib/gslab_make/test/raw/log_outputs/dir_╬▓/file_╬▓.txt | 2022-07-14 20:44:22 | 25
/Users/sameernd/Desktop/SIEPR_RA/sameer_template/template/lib/gslab_make/docs/_sources/pages/api/make_utility/gslab_make.make_utility.update_executables.rst.txt | 2022-07-14 20:44:21 | 120
/Users/sameernd/Desktop/SIEPR_RA/sameer_template/template/lib/gslab_make/sphinx/build/doctrees/pages/api/modify_dir/gslab_make.modify_dir.remove_dir.doctree | 2022-07-14 20:44:21 | 10518
/Users/sameernd/Desktop/SIEPR_RA/sameer_template/template/lib/gslab_make/sphinx/build/html/_static/underscore-1.12.0.js | 2022-07-14 20:44:22 | 67692
/Users/sameernd/Desktop/SIEPR_RA/sameer_template/template/lib/gslab_make/test/raw/run_program/matlab_script space.m | 2022-07-14 20:44:22 | 84
/Users/sameernd/Desktop/SIEPR_RA/sameer_template/template/lib/gslab_make/sphinx/build/html/_static/jquery-3.5.1.js | 2022-07-14 20:44:22 | 287630
/Users/sameernd/Desktop/SIEPR_RA/sameer_template/template/lib/gslab_make/sphinx/build/html/_static/fonts/RobotoSlab/roboto-slab-v7-regular.ttf | 2022-07-14 20:44:22 | 169064
/Users/sameernd/Desktop/SIEPR_RA/sameer_template/template/lib/gslab_make/gslab_make/__pycache__/write_logs.cpython-37.pyc | 2022-07-14 20:45:03 | 8765
/Users/sameernd/Desktop/SIEPR_RA/sameer_template/template/lib/gslab_make/gslab_make/__pycache__/tablefill.cpython-37.pyc | 2022-07-14 20:45:03 | 18397
/Users/sameernd/Desktop/SIEPR_RA/sameer_template/template/lib/gslab_make/build/lib/gslab_make/move_sources.py | 2022-07-14 20:44:21 | 19397
/Users/sameernd/Desktop/SIEPR_RA/sameer_template/template/lib/gslab_make/sphinx/source/pages/api/run_program/gslab_make.run_program.run_lyx.rst | 2022-07-14 20:44:22 | 86
/Users/sameernd/Desktop/SIEPR_RA/sameer_template/template/lib/gslab_make/build/lib/test/EXCLUDE_test_lyx.py | 2022-07-14 20:44:21 | 10072
/Users/sameernd/Desktop/SIEPR_RA/sameer_template/template/lib/gslab_make/sphinx/build/html/_sources/pages/utility.rst.txt | 2022-07-14 20:44:21 | 327
/Users/sameernd/Desktop/SIEPR_RA/sameer_template/template/lib/gslab_make/test/raw/log_sources/dir/file.txt | 2022-07-14 20:44:22 | 20
/Users/sameernd/Desktop/SIEPR_RA/sameer_template/template/lib/gslab_make/gslab_make/tablefill.py | 2022-07-14 20:44:21 | 20325
/Users/sameernd/Desktop/SIEPR_RA/sameer_template/template/lib/gslab_make/sphinx/README.md | 2022-07-14 20:44:21 | 1340
/Users/sameernd/Desktop/SIEPR_RA/sameer_template/template/lib/gslab_make/docs/_static/fonts/fontawesome-webfont.woff2 | 2022-07-14 20:44:21 | 77160
/Users/sameernd/Desktop/SIEPR_RA/sameer_template/template/lib/gslab_make/test/raw/run_program/lyx_file_comments_comments.lyx.bak | 2022-07-14 20:44:22 | 1694
/Users/sameernd/Desktop/SIEPR_RA/sameer_template/template/lib/gslab_make/sphinx/build/doctrees/pages/api/run_program/gslab_make.run_program.run_latex.doctree | 2022-07-14 20:44:21 | 19950
/Users/sameernd/Desktop/SIEPR_RA/sameer_template/template/lib/gslab_make/docs/_sources/pages/source_logging.rst.txt | 2022-07-14 20:44:21 | 380
/Users/sameernd/Desktop/SIEPR_RA/sameer_template/template/lib/gslab_make/docs/_sources/pages/api/make_utility/gslab_make.make_utility.update_external_paths.rst.txt | 2022-07-14 20:44:21 | 129
/Users/sameernd/Desktop/SIEPR_RA/sameer_template/template/lib/gslab_make/gslab_make/__pycache__/write_source_logs.cpython-37.pyc | 2022-07-14 20:45:03 | 4603
/Users/sameernd/Desktop/SIEPR_RA/sameer_template/template/lib/gslab_make/test/raw/log_sources/dir space/file space.txt | 2022-07-14 20:44:22 | 20
/Users/sameernd/Desktop/SIEPR_RA/sameer_template/template/lib/gslab_make/sphinx/build/html/_static/fonts/Lato/lato-regular.woff2 | 2022-07-14 20:44:22 | 182708
/Users/sameernd/Desktop/SIEPR_RA/sameer_template/template/lib/gslab_make/sphinx/build/html/_static/css/fonts/fontawesome-webfont.woff | 2022-07-14 20:44:21 | 98024
/Users/sameernd/Desktop/SIEPR_RA/sameer_template/template/lib/gslab_make/build/lib/gslab_make/private/exceptionclasses.py | 2022-07-14 20:44:21 | 943
/Users/sameernd/Desktop/SIEPR_RA/sameer_template/template/lib/gslab_make/sphinx/build/html/_static/fonts/fontawesome-webfont.svg | 2022-07-14 20:44:22 | 444379
/Users/sameernd/Desktop/SIEPR_RA/sameer_template/template/lib/gslab_make/test/WIP_test_latex.py | 2022-07-14 20:44:22 | 2298
/Users/sameernd/Desktop/SIEPR_RA/sameer_template/template/lib/gslab_make/test/raw/move_sources/move space.txt | 2022-07-14 20:44:22 | 76
/Users/sameernd/Desktop/SIEPR_RA/sameer_template/template/lib/gslab_make/sphinx/build/doctrees/pages/api/make_utility/gslab_make.make_utility.update_executables.doctree | 2022-07-14 20:44:21 | 9742
/Users/sameernd/Desktop/SIEPR_RA/sameer_template/template/lib/gslab_make/docs/_sources/pages/specifying_paths.rst.txt | 2022-07-14 20:44:21 | 2616
/Users/sameernd/Desktop/SIEPR_RA/sameer_template/template/lib/gslab_make/gslab_make/__pycache__/textfill_info.cpython-37.pyc | 2022-07-14 20:45:03 | 6454
/Users/sameernd/Desktop/SIEPR_RA/sameer_template/template/lib/gslab_make/gslab_make/__pycache__/check_repo.cpython-37.pyc | 2022-07-14 20:45:02 | 13817
/Users/sameernd/Desktop/SIEPR_RA/sameer_template/template/lib/gslab_make/sphinx/source/pages/api/make_utility/gslab_make.make_utility.update_internal_paths.rst | 2022-07-14 20:44:22 | 129
/Users/sameernd/Desktop/SIEPR_RA/sameer_template/template/lib/gslab_make/docs/_sources/pages/api/run_program/gslab_make.run_program.run_module.rst.txt | 2022-07-14 20:44:21 | 95
/Users/sameernd/Desktop/SIEPR_RA/sameer_template/template/lib/gslab_make/sphinx/build/html/_static/fonts/Lato/lato-bold.woff2 | 2022-07-14 20:44:22 | 184912
/Users/sameernd/Desktop/SIEPR_RA/sameer_template/template/lib/gslab_make/sphinx/build/html/pages/api/run_program/gslab_make.run_program.run_r.html | 2022-07-14 20:44:22 | 10937
/Users/sameernd/Desktop/SIEPR_RA/sameer_template/template/lib/gslab_make/sphinx/build/doctrees/pages/dummy.doctree | 2022-07-14 20:44:21 | 51355
/Users/sameernd/Desktop/SIEPR_RA/sameer_template/template/lib/gslab_make/docs/_static/fonts/Inconsolata-Bold.ttf | 2022-07-14 20:44:21 | 109948
/Users/sameernd/Desktop/SIEPR_RA/sameer_template/template/lib/gslab_make/test/raw/run_program/lyx_file space.lyx | 2022-07-14 20:44:22 | 1608
/Users/sameernd/Desktop/SIEPR_RA/sameer_template/template/lib/gslab_make/sphinx/source/pages/api/move_sources/gslab_make.move_sources.copy_externals.rst | 2022-07-14 20:44:22 | 108
/Users/sameernd/Desktop/SIEPR_RA/sameer_template/template/lib/gslab_make/sphinx/build/doctrees/pages/utility.doctree | 2022-07-14 20:44:21 | 27943
/Users/sameernd/Desktop/SIEPR_RA/sameer_template/template/lib/gslab_make/test/test_tablefill.py | 2022-07-14 20:44:22 | 4588
/Users/sameernd/Desktop/SIEPR_RA/sameer_template/template/lib/gslab_make/sphinx/source/pages/source_logging.rst | 2022-07-14 20:44:22 | 380
/Users/sameernd/Desktop/SIEPR_RA/sameer_template/template/lib/gslab_make/sphinx/build/html/_sources/pages/api/move_sources/gslab_make.move_sources.link_externals.rst.txt | 2022-07-14 20:44:21 | 108
/Users/sameernd/Desktop/SIEPR_RA/sameer_template/template/lib/gslab_make/gslab_make/check_repo.py | 2022-07-14 20:44:21 | 14471
/Users/sameernd/Desktop/SIEPR_RA/sameer_template/template/lib/gslab_make/sphinx/source/pages/sourcing.rst | 2022-07-14 20:44:22 | 548
/Users/sameernd/Desktop/SIEPR_RA/sameer_template/template/lib/gslab_make/docs/_static/css/fonts/lato-bold.woff2 | 2022-07-14 20:44:21 | 184912
/Users/sameernd/Desktop/SIEPR_RA/sameer_template/template/lib/gslab_make/docs/pages/api/write_logs/gslab_make.write_logs.end_makelog.html | 2022-07-14 20:44:21 | 7254
/Users/sameernd/Desktop/SIEPR_RA/sameer_template/template/lib/gslab_make/docs/_sources/index.rst.txt | 2022-07-14 20:44:21 | 1039
/Users/sameernd/Desktop/SIEPR_RA/sameer_template/template/lib/gslab_make/sphinx/build/html/_sources/pages/api/run_program/gslab_make.run_program.run_latex.rst.txt | 2022-07-14 20:44:21 | 92
/Users/sameernd/Desktop/SIEPR_RA/sameer_template/template/lib/gslab_make/sphinx/build/html/_static/fonts/Lato/lato-bolditalic.eot | 2022-07-14 20:44:22 | 266158
/Users/sameernd/Desktop/SIEPR_RA/sameer_template/template/lib/gslab_make/sphinx/source/pages/api/write_source_logs/gslab_make.write_source_logs.write_source_logs.rst | 2022-07-14 20:44:22 | 122
/Users/sameernd/Desktop/SIEPR_RA/sameer_template/template/lib/gslab_make/docs/_static/fonts/RobotoSlab-Bold.ttf | 2022-07-14 20:44:21 | 170616
/Users/sameernd/Desktop/SIEPR_RA/sameer_template/template/lib/gslab_make/sphinx/build/html/_static/css/theme.css | 2022-07-14 20:44:21 | 129674
/Users/sameernd/Desktop/SIEPR_RA/sameer_template/template/lib/gslab_make/sphinx/source/pages/api/write_logs/gslab_make.write_logs.log_files_in_output.rst | 2022-07-14 20:44:22 | 121
/Users/sameernd/Desktop/SIEPR_RA/sameer_template/template/lib/gslab_make/sphinx/build/html/_static/jquery.js | 2022-07-14 20:44:22 | 89476
/Users/sameernd/Desktop/SIEPR_RA/sameer_template/template/lib/gslab_make/sphinx/build/html/genindex.html | 2022-07-14 20:44:22 | 12932
/Users/sameernd/Desktop/SIEPR_RA/sameer_template/template/lib/gslab_make/sphinx/source/pages/api/make_utility/gslab_make.make_utility.update_paths.rst | 2022-07-14 20:44:22 | 102
/Users/sameernd/Desktop/SIEPR_RA/sameer_template/template/lib/gslab_make/docs/_static/fonts/Lato/lato-regular.woff | 2022-07-14 20:44:21 | 309192
/Users/sameernd/Desktop/SIEPR_RA/sameer_template/template/lib/gslab_make/docs/_sources/pages/api/run_program/gslab_make.run_program.run_lyx.rst.txt | 2022-07-14 20:44:21 | 86
/Users/sameernd/Desktop/SIEPR_RA/sameer_template/template/lib/gslab_make/sphinx/build/html/_sources/pages/program.rst.txt | 2022-07-14 20:44:21 | 2704
/Users/sameernd/Desktop/SIEPR_RA/sameer_template/template/lib/gslab_make/docs/pages/api/modify_dir/gslab_make.modify_dir.zip_dir.html | 2022-07-14 20:44:21 | 6472
/Users/sameernd/Desktop/SIEPR_RA/sameer_template/template/lib/gslab_make/build/lib/test/utility.py | 2022-07-14 20:44:21 | 1404
/Users/sameernd/Desktop/SIEPR_RA/sameer_template/template/lib/gslab_make/test/raw/run_program/lyx_file_error.lyx | 2022-07-14 20:44:22 | 5
/Users/sameernd/Desktop/SIEPR_RA/sameer_template/template/lib/gslab_make/docs/_sources/pages/api/run_program/gslab_make.run_program.run_mathematica.rst.txt | 2022-07-14 20:44:21 | 110
/Users/sameernd/Desktop/SIEPR_RA/sameer_template/template/lib/gslab_make/docs/_sources/pages/api/run_program/gslab_make.run_program.run_matlab.rst.txt | 2022-07-14 20:44:21 | 95
/Users/sameernd/Desktop/SIEPR_RA/sameer_template/template/lib/gslab_make/sphinx/build/html/pages/api/run_program/gslab_make.run_program.run_jupyter.html | 2022-07-14 20:44:22 | 10515
/Users/sameernd/Desktop/SIEPR_RA/sameer_template/template/lib/gslab_make/gslab_make/__pycache__/make_utility.cpython-37.pyc | 2022-07-14 20:45:03 | 5658
/Users/sameernd/Desktop/SIEPR_RA/sameer_template/template/lib/gslab_make/build/lib/gslab_make/write_logs.py | 2022-07-14 20:44:21 | 10665
/Users/sameernd/Desktop/SIEPR_RA/sameer_template/template/lib/gslab_make/test/test_log_sources.py | 2022-07-14 20:44:22 | 5021
/Users/sameernd/Desktop/SIEPR_RA/sameer_template/template/lib/gslab_make/test/raw/run_program/r_script space.R | 2022-07-14 20:44:22 | 100
/Users/sameernd/Desktop/SIEPR_RA/sameer_template/template/lib/gslab_make/test/raw/config/config_user.yaml | 2022-07-14 20:44:22 | 236
/Users/sameernd/Desktop/SIEPR_RA/sameer_template/template/lib/gslab_make/test/raw/config/config.yaml | 2022-07-14 20:44:22 | 1004
/Users/sameernd/Desktop/SIEPR_RA/sameer_template/template/lib/gslab_make/sphinx/build/doctrees/pages/directory.doctree | 2022-07-14 20:44:21 | 26996
/Users/sameernd/Desktop/SIEPR_RA/sameer_template/template/lib/gslab_make/sphinx/build/html/_static/css/fonts/lato-normal.woff | 2022-07-14 20:44:21 | 309192
/Users/sameernd/Desktop/SIEPR_RA/sameer_template/template/lib/gslab_make/sphinx/build/html/_sources/pages/api/move_sources/gslab_make.move_sources.copy_externals.rst.txt | 2022-07-14 20:44:21 | 108
/Users/sameernd/Desktop/SIEPR_RA/sameer_template/template/lib/gslab_make/sphinx/source/pages/api/run_program/gslab_make.run_program.run_mathematica.rst | 2022-07-14 20:44:22 | 110
/Users/sameernd/Desktop/SIEPR_RA/sameer_template/template/lib/gslab_make/sphinx/build/html/pages/api/move_sources/gslab_make.move_sources.copy_inputs.html | 2022-07-14 20:44:22 | 12642
/Users/sameernd/Desktop/SIEPR_RA/sameer_template/template/lib/gslab_make/sphinx/build/html/pages/api/make_utility/gslab_make.make_utility.update_internal_paths.html | 2022-07-14 20:44:22 | 7663
/Users/sameernd/Desktop/SIEPR_RA/sameer_template/template/lib/gslab_make/docs/_static/css/fonts/lato-normal.woff2 | 2022-07-14 20:44:21 | 182708
/Users/sameernd/Desktop/SIEPR_RA/sameer_template/template/lib/gslab_make/sphinx/build/html/pages/api/run_program/gslab_make.run_program.run_stata.html | 2022-07-14 20:44:22 | 11295
/Users/sameernd/Desktop/SIEPR_RA/sameer_template/template/lib/gslab_make/test/utility.py | 2022-07-14 20:44:22 | 1404
/Users/sameernd/Desktop/SIEPR_RA/sameer_template/template/lib/gslab_make/docs/_static/fonts/fontawesome-webfont.woff | 2022-07-14 20:44:21 | 98024
/Users/sameernd/Desktop/SIEPR_RA/sameer_template/template/lib/gslab_make/test/raw/config/config_bad.yaml | 2022-07-14 20:44:22 | 987
/Users/sameernd/Desktop/SIEPR_RA/sameer_template/template/lib/gslab_make/test/raw/run_program/matlab_script_error.m | 2022-07-14 20:44:22 | 5
/Users/sameernd/Desktop/SIEPR_RA/sameer_template/template/lib/gslab_make/docs/_static/css/fonts/lato-bold-italic.woff2 | 2022-07-14 20:44:21 | 193308
/Users/sameernd/Desktop/SIEPR_RA/sameer_template/template/lib/gslab_make/build/lib/test/test_python.py | 2022-07-14 20:44:21 | 7833
/Users/sameernd/Desktop/SIEPR_RA/sameer_template/template/lib/gslab_make/build/lib/gslab_make/private/subprocess_fix.py | 2022-07-14 20:44:21 | 5428
/Users/sameernd/Desktop/SIEPR_RA/sameer_template/template/lib/gslab_make/test/raw/run_program/stata_script_╬▓.do | 2022-07-14 20:44:22 | 115
/Users/sameernd/Desktop/SIEPR_RA/sameer_template/template/lib/gslab_make/sphinx/build/html/_sources/pages/api/run_program/gslab_make.run_program.run_mathematica.rst.txt | 2022-07-14 20:44:21 | 110
/Users/sameernd/Desktop/SIEPR_RA/sameer_template/template/lib/gslab_make/sphinx/build/html/_sources/pages/api/move_sources/gslab_make.move_sources.copy_inputs.rst.txt | 2022-07-14 20:44:21 | 99
/Users/sameernd/Desktop/SIEPR_RA/sameer_template/template/lib/gslab_make/gslab_make/private/metadata.py | 2022-07-14 20:44:21 | 3937
/Users/sameernd/Desktop/SIEPR_RA/sameer_template/template/lib/gslab_make/test/raw/run_program/python_script_error.py | 2022-07-14 20:44:22 | 5
/Users/sameernd/Desktop/SIEPR_RA/sameer_template/template/lib/gslab_make/sphinx/build/html/pages/api/run_program/gslab_make.run_program.run_latex.html | 2022-07-14 20:44:22 | 11465
/Users/sameernd/Desktop/SIEPR_RA/sameer_template/template/lib/gslab_make/sphinx/build/html/_sources/pages/api/run_program/gslab_make.run_program.execute_command.rst.txt | 2022-07-14 20:44:21 | 110
/Users/sameernd/Desktop/SIEPR_RA/sameer_template/template/lib/gslab_make/README.md | 2022-07-14 20:44:21 | 2006
/Users/sameernd/Desktop/SIEPR_RA/sameer_template/template/lib/gslab_make/sphinx/source/pages/api/check_repo/gslab_make.check_repo.get_modified_sources.rst | 2022-07-14 20:44:22 | 124
/Users/sameernd/Desktop/SIEPR_RA/sameer_template/template/lib/gslab_make/test/EXCLUDE_test_R.py | 2022-07-14 20:44:22 | 8908
/Users/sameernd/Desktop/SIEPR_RA/sameer_template/template/lib/gslab_make/sphinx/build/html/search.html | 2022-07-14 20:44:22 | 4599
/Users/sameernd/Desktop/SIEPR_RA/sameer_template/template/lib/gslab_make/sphinx/build/html/pages/api/write_logs/gslab_make.write_logs.write_to_makelog.html | 2022-07-14 20:44:22 | 7303
/Users/sameernd/Desktop/SIEPR_RA/sameer_template/template/lib/gslab_make/docs/_static/css/fonts/Roboto-Slab-Regular.woff | 2022-07-14 20:44:21 | 86288
/Users/sameernd/Desktop/SIEPR_RA/sameer_template/template/lib/gslab_make/docs/_static/js/html5shiv.min.js | 2022-07-14 20:44:21 | 2734
/Users/sameernd/Desktop/SIEPR_RA/sameer_template/template/lib/gslab_make/sphinx/build/html/pages/api/run_program/gslab_make.run_program.execute_command.html | 2022-07-14 20:44:22 | 10903
/Users/sameernd/Desktop/SIEPR_RA/sameer_template/template/lib/gslab_make/docs/_static/underscore-1.3.1.js | 2022-07-14 20:44:21 | 35168
/Users/sameernd/Desktop/SIEPR_RA/sameer_template/template/lib/gslab_make/test/raw/run_program/stata_script space.do | 2022-07-14 20:44:22 | 108
/Users/sameernd/Desktop/SIEPR_RA/sameer_template/template/lib/gslab_make/test/raw/run_program/lyx_file_╬▓.lyx | 2022-07-14 20:44:22 | 1608
/Users/sameernd/Desktop/SIEPR_RA/sameer_template/template/lib/gslab_make/docs/_sources/pages/api/move_sources/gslab_make.move_sources.link_externals.rst.txt | 2022-07-14 20:44:21 | 108
/Users/sameernd/Desktop/SIEPR_RA/sameer_template/template/lib/gslab_make/docs/_static/css/badge_only.css | 2022-07-14 20:44:21 | 3275
/Users/sameernd/Desktop/SIEPR_RA/sameer_template/template/lib/gslab_make/sphinx/build/html/pages/specifying_paths.html | 2022-07-14 20:44:22 | 11661
/Users/sameernd/Desktop/SIEPR_RA/sameer_template/template/lib/gslab_make/sphinx/build/html/_sources/pages/api/write_logs/gslab_make.write_logs.end_makelog.rst.txt | 2022-07-14 20:44:21 | 97
/Users/sameernd/Desktop/SIEPR_RA/sameer_template/template/lib/gslab_make/gslab_make/private/messages.py | 2022-07-14 20:44:21 | 5991
/Users/sameernd/Desktop/SIEPR_RA/sameer_template/template/lib/gslab_make/sphinx/build/html/_sources/pages/api/check_repo/gslab_make.check_repo.check_conda_status.rst.txt | 2022-07-14 20:44:21 | 118
/Users/sameernd/Desktop/SIEPR_RA/sameer_template/template/lib/gslab_make/test/raw/log_outputs/dir space/file space.txt | 2022-07-14 20:44:22 | 20
/Users/sameernd/Desktop/SIEPR_RA/sameer_template/template/lib/gslab_make/build/lib/gslab_make/private/messages.py | 2022-07-14 20:44:21 | 5991
/Users/sameernd/Desktop/SIEPR_RA/sameer_template/template/lib/gslab_make/test/test_python.py | 2022-07-14 20:44:22 | 7833
/Users/sameernd/Desktop/SIEPR_RA/sameer_template/template/lib/gslab_make/test/raw/run_program/wrong_extension.txt | 2022-07-14 20:44:22 | 0
/Users/sameernd/Desktop/SIEPR_RA/sameer_template/template/lib/gslab_make/sphinx/build/html/_sources/pages/api/make_utility/gslab_make.make_utility.update_external_paths.rst.txt | 2022-07-14 20:44:21 | 129
/Users/sameernd/Desktop/SIEPR_RA/sameer_template/template/lib/gslab_make/test/raw/run_program/stata_script_error.do | 2022-07-14 20:44:22 | 5
/Users/sameernd/Desktop/SIEPR_RA/sameer_template/template/lib/gslab_make/docs/_static/fonts/Lato-Bold.ttf | 2022-07-14 20:44:21 | 656544
/Users/sameernd/Desktop/SIEPR_RA/sameer_template/template/lib/__init__.py | 2022-07-14 20:44:33 | 0
/Users/sameernd/Desktop/SIEPR_RA/sameer_template/template/data/output/data_cleaned.csv | 2022-07-14 20:45:22 | 10260923
/Users/sameernd/Desktop/SIEPR_RA/sameer_template/template/lib/gslab_make/test/raw/run_program/perl_script_error.pl | 2022-07-14 20:44:22 | 5
/Users/sameernd/Desktop/SIEPR_RA/sameer_template/template/lib/gslab_make/docs/pages/utility.html | 2022-07-14 20:44:21 | 11836
/Users/sameernd/Desktop/SIEPR_RA/sameer_template/template/lib/gslab_make/build/lib/gslab_make/write_source_logs.py | 2022-07-14 20:44:21 | 4866
/Users/sameernd/Desktop/SIEPR_RA/sameer_template/template/lib/gslab_make/sphinx/build/doctrees/pages/api/write_source_logs/gslab_make.write_source_logs.write_source_logs.doctree | 2022-07-14 20:44:21 | 19086
/Users/sameernd/Desktop/SIEPR_RA/sameer_template/template/lib/gslab_make/docs/_static/js/badge_only.js | 2022-07-14 20:44:21 | 934
/Users/sameernd/Desktop/SIEPR_RA/sameer_template/template/lib/gslab_make/sphinx/build/html/_static/searchtools.js | 2022-07-14 20:44:22 | 16634
/Users/sameernd/Desktop/SIEPR_RA/sameer_template/template/lib/gslab_make/docs/_sources/pages/api/run_program/gslab_make.run_program.run_stat_transfer.rst.txt | 2022-07-14 20:44:21 | 116
/Users/sameernd/Desktop/SIEPR_RA/sameer_template/template/lib/gslab_make/docs/pages/api/make_utility/gslab_make.make_utility.update_paths.html | 2022-07-14 20:44:21 | 7232
/Users/sameernd/Desktop/SIEPR_RA/sameer_template/template/lib/gslab_make/sphinx/build/html/pages/api/modify_dir/gslab_make.modify_dir.remove_dir.html | 2022-07-14 20:44:22 | 7872
/Users/sameernd/Desktop/SIEPR_RA/sameer_template/template/lib/gslab_make/test/raw/tablefill/tablefill_template_extra_input.lyx | 2022-07-14 20:44:22 | 1736
/Users/sameernd/Desktop/SIEPR_RA/sameer_template/template/lib/gslab_make/build/lib/gslab_make/check_repo.py | 2022-07-14 20:44:21 | 14471
/Users/sameernd/Desktop/SIEPR_RA/sameer_template/template/lib/gslab_make/sphinx/build/doctrees/pages/api/run_program/gslab_make.run_program.run_python.doctree | 2022-07-14 20:44:21 | 18456
/Users/sameernd/Desktop/SIEPR_RA/sameer_template/template/lib/gslab_make/docs/pages/api/run_program/gslab_make.run_program.run_stata.html | 2022-07-14 20:44:21 | 11295
/Users/sameernd/Desktop/SIEPR_RA/sameer_template/template/lib/gslab_make/sphinx/build/html/_sources/pages/api/run_program/gslab_make.run_program.run_perl.rst.txt | 2022-07-14 20:44:21 | 89
/Users/sameernd/Desktop/SIEPR_RA/sameer_template/template/lib/gslab_make/docs/_static/css/fonts/fontawesome-webfont.woff | 2022-07-14 20:44:21 | 98024
/Users/sameernd/Desktop/SIEPR_RA/sameer_template/template/lib/gslab_make/sphinx/build/doctrees/pages/api/run_program/gslab_make.run_program.run_stat_transfer.doctree | 2022-07-14 20:44:21 | 18636
/Users/sameernd/Desktop/SIEPR_RA/sameer_template/template/lib/gslab_make/sphinx/source/pages/api/modify_dir/gslab_make.modify_dir.unzip.rst | 2022-07-14 20:44:22 | 79
/Users/sameernd/Desktop/SIEPR_RA/sameer_template/template/lib/gslab_make/sphinx/build/doctrees/pages/api/move_sources/gslab_make.move_sources.link_externals.doctree | 2022-07-14 20:44:21 | 21366
/Users/sameernd/Desktop/SIEPR_RA/sameer_template/template/lib/gslab_make/sphinx/build/html/_sources/pages/api/make_utility/gslab_make.make_utility.update_paths.rst.txt | 2022-07-14 20:44:21 | 102
/Users/sameernd/Desktop/SIEPR_RA/sameer_template/template/lib/gslab_make/docs/_static/fonts/Inconsolata-Regular.ttf | 2022-07-14 20:44:21 | 96964
/Users/sameernd/Desktop/SIEPR_RA/sameer_template/template/lib/gslab_make/docs/_sources/pages/api/tablefill/gslab_make.tablefill.tablefill.rst.txt | 2022-07-14 20:44:21 | 90
/Users/sameernd/Desktop/SIEPR_RA/sameer_template/template/lib/gslab_make/sphinx/build/doctrees/pages/api/check_repo/gslab_make.check_repo.check_module_size.doctree | 2022-07-14 20:44:21 | 10575
/Users/sameernd/Desktop/SIEPR_RA/sameer_template/template/lib/gslab_make/build/lib/test/test_log_outputs.py | 2022-07-14 20:44:21 | 5431
/Users/sameernd/Desktop/SIEPR_RA/sameer_template/template/lib/gslab_make/sphinx/build/html/_sources/pages/api/run_program/gslab_make.run_program.run_module.rst.txt | 2022-07-14 20:44:21 | 95
/Users/sameernd/Desktop/SIEPR_RA/sameer_template/template/lib/gslab_make/docs/_static/js/modernizr.min.js | 2022-07-14 20:44:21 | 15414
/Users/sameernd/Desktop/SIEPR_RA/sameer_template/template/lib/gslab_make/test/__init__.py | 2022-07-14 20:44:22 | 0
/Users/sameernd/Desktop/SIEPR_RA/sameer_template/template/lib/gslab_make/sphinx/build/html/_sources/pages/sourcing.rst.txt | 2022-07-14 20:44:21 | 548
/Users/sameernd/Desktop/SIEPR_RA/sameer_template/template/lib/gslab_make/sphinx/source/pages/api/move_sources/gslab_make.move_sources.link_inputs.rst | 2022-07-14 20:44:22 | 99
/Users/sameernd/Desktop/SIEPR_RA/sameer_template/template/lib/gslab_make/sphinx/build/html/_sources/pages/api/modify_dir/gslab_make.modify_dir.remove_dir.rst.txt | 2022-07-14 20:44:21 | 94
/Users/sameernd/Desktop/SIEPR_RA/sameer_template/template/lib/gslab_make/sphinx/build/doctrees/pages/api/make_utility/gslab_make.make_utility.update_external_paths.doctree | 2022-07-14 20:44:21 | 9733
/Users/sameernd/Desktop/SIEPR_RA/sameer_template/template/lib/gslab_make/test/raw/run_program/matlab_script.m | 2022-07-14 20:44:22 | 84
/Users/sameernd/Desktop/SIEPR_RA/sameer_template/template/lib/gslab_make/sphinx/build/doctrees/pages/api/modify_dir/gslab_make.modify_dir.zip_dir.doctree | 2022-07-14 20:44:21 | 7022
/Users/sameernd/Desktop/SIEPR_RA/sameer_template/template/lib/gslab_make/docs/_static/fonts/RobotoSlab/roboto-slab-v7-regular.woff | 2022-07-14 20:44:21 | 86288
/Users/sameernd/Desktop/SIEPR_RA/sameer_template/template/lib/gslab_make/sphinx/build/html/_sources/pages/api/check_repo/gslab_make.check_repo.check_module_size.rst.txt | 2022-07-14 20:44:21 | 115
/Users/sameernd/Desktop/SIEPR_RA/sameer_template/template/lib/gslab_make/docs/pages/api/modify_dir/gslab_make.modify_dir.clear_dir.html | 2022-07-14 20:44:21 | 7673
/Users/sameernd/Desktop/SIEPR_RA/sameer_template/template/lib/gslab_make/sphinx/build/html/pages/api/make_utility/gslab_make.make_utility.update_executables.html | 2022-07-14 20:44:22 | 7972
/Users/sameernd/Desktop/SIEPR_RA/sameer_template/template/lib/gslab_make/sphinx/build/html/pages/api/write_logs/gslab_make.write_logs.log_files_in_output.html | 2022-07-14 20:44:22 | 10434
/Users/sameernd/Desktop/SIEPR_RA/sameer_template/template/lib/gslab_make/docs/_sources/pages/api/modify_dir/gslab_make.modify_dir.unzip.rst.txt | 2022-07-14 20:44:21 | 79
/Users/sameernd/Desktop/SIEPR_RA/sameer_template/template/lib/gslab_make/sphinx/build/doctrees/pages/api/make_utility/gslab_make.make_utility.update_internal_paths.doctree | 2022-07-14 20:44:21 | 8594
/Users/sameernd/Desktop/SIEPR_RA/sameer_template/template/lib/gslab_make/build/lib/gslab_make/tablefill.py | 2022-07-14 20:44:21 | 20325
/Users/sameernd/Desktop/SIEPR_RA/sameer_template/template/lib/gslab_make/sphinx/source/pages/utility.rst | 2022-07-14 20:44:22 | 327
/Users/sameernd/Desktop/SIEPR_RA/sameer_template/template/lib/gslab_make/build/lib/gslab_make/private/utility.py | 2022-07-14 20:44:21 | 8202
/Users/sameernd/Desktop/SIEPR_RA/sameer_template/template/lib/gslab_make/sphinx/source/pages/general_logging.rst | 2022-07-14 20:44:22 | 655
/Users/sameernd/Desktop/SIEPR_RA/sameer_template/template/lib/gslab_make/gslab_make/modify_dir.py | 2022-07-14 20:44:21 | 7384
/Users/sameernd/Desktop/SIEPR_RA/sameer_template/template/lib/gslab_make/docs/pages/api/move_sources/gslab_make.move_sources.copy_inputs.html | 2022-07-14 20:44:21 | 12642
/Users/sameernd/Desktop/SIEPR_RA/sameer_template/template/lib/gslab_make/sphinx/build/doctrees/pages/sourcing.doctree | 2022-07-14 20:44:21 | 78718
/Users/sameernd/Desktop/SIEPR_RA/sameer_template/template/lib/gslab_make/sphinx/build/html/_static/fonts/Lato/lato-bold.eot | 2022-07-14 20:44:21 | 256056
/Users/sameernd/Desktop/SIEPR_RA/sameer_template/template/lib/gslab_make/sphinx/build/html/_static/js/html5shiv-printshiv.min.js | 2022-07-14 20:44:22 | 4370
/Users/sameernd/Desktop/SIEPR_RA/sameer_template/template/lib/gslab_make/test/raw/run_program/stata_script.do | 2022-07-14 20:44:22 | 108
/Users/sameernd/Desktop/SIEPR_RA/sameer_template/template/lib/gslab_make/sphinx/build/html/pages/api/tablefill/gslab_make.tablefill.tablefill.html | 2022-07-14 20:44:22 | 16332
/Users/sameernd/Desktop/SIEPR_RA/sameer_template/template/lib/gslab_make/gslab_make/private/__pycache__/movedirective.cpython-37.pyc | 2022-07-14 20:45:03 | 12315
/Users/sameernd/Desktop/SIEPR_RA/sameer_template/template/lib/gslab_make/sphinx/build/html/_static/minus.png | 2022-07-14 20:44:22 | 90
/Users/sameernd/Desktop/SIEPR_RA/sameer_template/template/lib/gslab_make/test/raw/run_program/lyx_file.lyx | 2022-07-14 20:44:22 | 1608
/Users/sameernd/Desktop/SIEPR_RA/sameer_template/template/lib/gslab_make/docs/_sources/pages/api/move_sources/gslab_make.move_sources.link_inputs.rst.txt | 2022-07-14 20:44:21 | 99
/Users/sameernd/Desktop/SIEPR_RA/sameer_template/template/lib/gslab_make/test/raw/log_outputs/recursion.txt | 2022-07-14 20:44:22 | 34
/Users/sameernd/Desktop/SIEPR_RA/sameer_template/template/lib/gslab_make/docs/_static/fonts/Lato/lato-bolditalic.eot | 2022-07-14 20:44:21 | 266158
/Users/sameernd/Desktop/SIEPR_RA/sameer_template/template/lib/gslab_make/test/raw/log_sources/dir_depth/depth_1.txt | 2022-07-14 20:44:22 | 20
/Users/sameernd/Desktop/SIEPR_RA/sameer_template/template/lib/gslab_make/sphinx/build/doctrees/pages/api/check_repo/gslab_make.check_repo.get_modified_sources.doctree | 2022-07-14 20:44:21 | 12396
/Users/sameernd/Desktop/SIEPR_RA/sameer_template/template/lib/gslab_make/sphinx/build/doctrees/pages/api/make_utility/gslab_make.make_utility.copy_output.doctree | 2022-07-14 20:44:21 | 7108
/Users/sameernd/Desktop/SIEPR_RA/sameer_template/template/lib/gslab_make/gslab_make/__pycache__/modify_dir.cpython-37.pyc | 2022-07-14 20:45:03 | 6905
/Users/sameernd/Desktop/SIEPR_RA/sameer_template/template/lib/gslab_make/build/lib/test/EXCLUDE_test_stata.py | 2022-07-14 20:44:21 | 8779
/Users/sameernd/Desktop/SIEPR_RA/sameer_template/template/lib/gslab_make/sphinx/build/html/pages/api/run_program/gslab_make.run_program.run_stat_transfer.html | 2022-07-14 20:44:22 | 11136
/Users/sameernd/Desktop/SIEPR_RA/sameer_template/template/lib/gslab_make/gslab_make/private/exceptionclasses.py | 2022-07-14 20:44:21 | 943
/Users/sameernd/Desktop/SIEPR_RA/sameer_template/template/lib/gslab_make/sphinx/build/doctrees/pages/api/run_program/gslab_make.run_program.run_perl.doctree | 2022-07-14 20:44:21 | 18422
/Users/sameernd/Desktop/SIEPR_RA/sameer_template/template/lib/gslab_make/test/raw/log_sources/move_╬▓.txt | 2022-07-14 20:44:22 | 67
/Users/sameernd/Desktop/SIEPR_RA/sameer_template/template/lib/gslab_make/docs/pages/api/make_utility/gslab_make.make_utility.update_internal_paths.html | 2022-07-14 20:44:21 | 7663
/Users/sameernd/Desktop/SIEPR_RA/sameer_template/template/lib/gslab_make/docs/pages/api/run_program/gslab_make.run_program.run_matlab.html | 2022-07-14 20:44:21 | 11014
/Users/sameernd/Desktop/SIEPR_RA/sameer_template/template/lib/gslab_make/sphinx/build/html/_static/underscore-1.3.1.js | 2022-07-14 20:44:22 | 35168
/Users/sameernd/Desktop/SIEPR_RA/sameer_template/template/lib/gslab_make/sphinx/build/html/pages/api/write_logs/gslab_make.write_logs.start_makelog.html | 2022-07-14 20:44:22 | 7418
/Users/sameernd/Desktop/SIEPR_RA/sameer_template/template/lib/gslab_make/test/raw/tablefill/tablefill_template_too_many_values.lyx | 2022-07-14 20:44:22 | 4701
/Users/sameernd/Desktop/SIEPR_RA/sameer_template/template/lib/gslab_make/docs/_sources/pages/api/modify_dir/gslab_make.modify_dir.remove_dir.rst.txt | 2022-07-14 20:44:21 | 94
/Users/sameernd/Desktop/SIEPR_RA/sameer_template/template/lib/gslab_make/sphinx/build/html/_static/fonts/RobotoSlab/roboto-slab-v7-bold.eot | 2022-07-14 20:44:22 | 79520
/Users/sameernd/Desktop/SIEPR_RA/sameer_template/template/lib/gslab_make/docs/_static/basic.css | 2022-07-14 20:44:21 | 14692
/Users/sameernd/Desktop/SIEPR_RA/sameer_template/template/lib/gslab_make/sphinx/build/html/_static/language_data.js | 2022-07-14 20:44:22 | 10854
/Users/sameernd/Desktop/SIEPR_RA/sameer_template/template/lib/gslab_make/docs/pages/api/run_program/gslab_make.run_program.run_mathematica.html | 2022-07-14 20:44:21 | 11027
/Users/sameernd/Desktop/SIEPR_RA/sameer_template/template/lib/gslab_make/sphinx/build/html/_sources/pages/api/run_program/gslab_make.run_program.run_python.rst.txt | 2022-07-14 20:44:21 | 95
/Users/sameernd/Desktop/SIEPR_RA/sameer_template/template/lib/gslab_make/test/raw/run_program/latex_file.tex | 2022-07-14 20:44:22 | 276
/Users/sameernd/Desktop/SIEPR_RA/sameer_template/template/lib/gslab_make/sphinx/build/doctrees/pages/api/run_program/gslab_make.run_program.run_r.doctree | 2022-07-14 20:44:21 | 18246
/Users/sameernd/Desktop/SIEPR_RA/sameer_template/template/lib/gslab_make/docs/pages/filling.html | 2022-07-14 20:44:21 | 16569
/Users/sameernd/Desktop/SIEPR_RA/sameer_template/template/lib/gslab_make/test/raw/move_sources/file_╬▓.txt | 2022-07-14 20:44:22 | 0
/Users/sameernd/Desktop/SIEPR_RA/sameer_template/template/lib/gslab_make/docs/_static/fonts/Lato/lato-bold.eot | 2022-07-14 20:44:21 | 256056
/Users/sameernd/Desktop/SIEPR_RA/sameer_template/template/lib/gslab_make/docs/pages/api/run_program/gslab_make.run_program.run_module.html | 2022-07-14 20:44:21 | 10038
/Users/sameernd/Desktop/SIEPR_RA/sameer_template/template/lib/gslab_make/gslab_make/private/programdirective.py | 2022-07-14 20:44:21 | 10360
/Users/sameernd/Desktop/SIEPR_RA/sameer_template/template/lib/gslab_make/docs/_static/css/fonts/Roboto-Slab-Bold.woff2 | 2022-07-14 20:44:21 | 67312
/Users/sameernd/Desktop/SIEPR_RA/sameer_template/template/lib/gslab_make/test/raw/run_program/perl_script_╬▓.pl | 2022-07-14 20:44:22 | 215
/Users/sameernd/Desktop/SIEPR_RA/sameer_template/template/lib/gslab_make/docs/_static/css/fonts/lato-normal-italic.woff | 2022-07-14 20:44:21 | 328412
/Users/sameernd/Desktop/SIEPR_RA/sameer_template/template/lib/gslab_make/build/lib/gslab_make/tablefill_info.py | 2022-07-14 20:44:21 | 8432
/Users/sameernd/Desktop/SIEPR_RA/sameer_template/template/lib/gslab_make/sphinx/source/pages/api/write_logs/gslab_make.write_logs.start_makelog.rst | 2022-07-14 20:44:22 | 103
/Users/sameernd/Desktop/SIEPR_RA/sameer_template/template/lib/gslab_make/sphinx/source/pages/api/write_logs/gslab_make.write_logs.end_makelog.rst | 2022-07-14 20:44:22 | 97
/Users/sameernd/Desktop/SIEPR_RA/sameer_template/template/lib/gslab_make/docs/_static/minus.png | 2022-07-14 20:44:21 | 90
/Users/sameernd/Desktop/SIEPR_RA/sameer_template/template/lib/gslab_make/sphinx/build/html/pages/filling.html | 2022-07-14 20:44:22 | 16569
/Users/sameernd/Desktop/SIEPR_RA/sameer_template/template/lib/gslab_make/docs/_static/fonts/Inconsolata.ttf | 2022-07-14 20:44:21 | 63184
/Users/sameernd/Desktop/SIEPR_RA/sameer_template/template/lib/gslab_make/sphinx/build/html/_static/fonts/Lato/lato-bolditalic.woff | 2022-07-14 20:44:22 | 323344
/Users/sameernd/Desktop/SIEPR_RA/sameer_template/template/lib/gslab_make/sphinx/build/html/pages/api/move_sources/gslab_make.move_sources.link_inputs.html | 2022-07-14 20:44:22 | 12821
/Users/sameernd/Desktop/SIEPR_RA/sameer_template/template/lib/gslab_make/test/raw/run_program/matlab_script_╬▓.m | 2022-07-14 20:44:22 | 91
/Users/sameernd/Desktop/SIEPR_RA/sameer_template/template/lib/gslab_make/gslab_make/tablefill_info.py | 2022-07-14 20:44:21 | 8432
/Users/sameernd/Desktop/SIEPR_RA/sameer_template/template/lib/gslab_make/gslab_make/private/utility.py | 2022-07-14 20:44:21 | 8202
/Users/sameernd/Desktop/SIEPR_RA/sameer_template/template/lib/gslab_make/docs/_sources/pages/api/run_program/gslab_make.run_program.run_perl.rst.txt | 2022-07-14 20:44:21 | 89
/Users/sameernd/Desktop/SIEPR_RA/sameer_template/template/lib/gslab_make/sphinx/build/html/pages/api/run_program/gslab_make.run_program.run_matlab.html | 2022-07-14 20:44:22 | 11014
/Users/sameernd/Desktop/SIEPR_RA/sameer_template/template/lib/gslab_make/sphinx/build/html/_sources/pages/directory.rst.txt | 2022-07-14 20:44:21 | 344
/Users/sameernd/Desktop/SIEPR_RA/sameer_template/template/lib/gslab_make/sphinx/build/html/pages/sourcing.html | 2022-07-14 20:44:22 | 32888
/Users/sameernd/Desktop/SIEPR_RA/sameer_template/template/lib/gslab_make/test/test_move_sources.py | 2022-07-14 20:44:22 | 7633
/Users/sameernd/Desktop/SIEPR_RA/sameer_template/template/lib/gslab_make/docs/pages/api/write_logs/gslab_make.write_logs.start_makelog.html | 2022-07-14 20:44:21 | 7418
/Users/sameernd/Desktop/SIEPR_RA/sameer_template/template/lib/gslab_make/build/lib/test/test_move_sources.py | 2022-07-14 20:44:21 | 7633
/Users/sameernd/Desktop/SIEPR_RA/sameer_template/template/lib/gslab_make/gslab_make/__init__.py | 2022-07-14 20:44:21 | 2685
/Users/sameernd/Desktop/SIEPR_RA/sameer_template/template/lib/gslab_make/docs/_static/fonts/Lato/lato-bold.woff2 | 2022-07-14 20:44:21 | 184912
/Users/sameernd/Desktop/SIEPR_RA/sameer_template/template/lib/gslab_make/build/lib/test/test_log_sources.py | 2022-07-14 20:44:21 | 5021
/Users/sameernd/Desktop/SIEPR_RA/sameer_template/template/lib/gslab_make/sphinx/build/html/_static/fonts/RobotoSlab-Regular.ttf | 2022-07-14 20:44:22 | 169064
/Users/sameernd/Desktop/SIEPR_RA/sameer_template/template/lib/gslab_make/sphinx/build/doctrees/pages/api/modify_dir/gslab_make.modify_dir.clear_dir.doctree | 2022-07-14 20:44:21 | 9273
/Users/sameernd/Desktop/SIEPR_RA/sameer_template/template/lib/gslab_make/test/raw/tablefill/tablefill.txt | 2022-07-14 20:44:22 | 66
/Users/sameernd/Desktop/SIEPR_RA/sameer_template/template/lib/gslab_make/sphinx/build/html/_sources/pages/api/run_program/gslab_make.run_program.run_r.rst.txt | 2022-07-14 20:44:21 | 80
/Users/sameernd/Desktop/SIEPR_RA/sameer_template/template/lib/gslab_make/test/raw/run_program/r_script_error.R | 2022-07-14 20:44:22 | 5
/Users/sameernd/Desktop/SIEPR_RA/sameer_template/template/lib/gslab_make/docs/_static/fonts/Lato/lato-bold.ttf | 2022-07-14 20:44:21 | 600856
/Users/sameernd/Desktop/SIEPR_RA/sameer_template/template/lib/gslab_make/docs/_static/css/fonts/lato-normal.woff | 2022-07-14 20:44:21 | 309192
/Users/sameernd/Desktop/SIEPR_RA/sameer_template/template/lib/gslab_make/sphinx/build/doctrees/pages/api/write_logs/gslab_make.write_logs.end_makelog.doctree | 2022-07-14 20:44:21 | 7269
/Users/sameernd/Desktop/SIEPR_RA/sameer_template/template/lib/gslab_make/sphinx/build/doctrees/pages/program.doctree | 2022-07-14 20:44:21 | 214530
/Users/sameernd/Desktop/SIEPR_RA/sameer_template/template/lib/gslab_make/sphinx/build/html/_static/css/fonts/Roboto-Slab-Regular.woff2 | 2022-07-14 20:44:21 | 66444
/Users/sameernd/Desktop/SIEPR_RA/sameer_template/template/lib/gslab_make/sphinx/build/html/_static/fonts/Lato/lato-italic.ttf | 2022-07-14 20:44:22 | 639388
/Users/sameernd/Desktop/SIEPR_RA/sameer_template/template/lib/gslab_make/sphinx/build/doctrees/pages/api/run_program/gslab_make.run_program.execute_command.doctree | 2022-07-14 20:44:21 | 15336
/Users/sameernd/Desktop/SIEPR_RA/sameer_template/template/lib/gslab_make/sphinx/build/html/_static/css/fonts/fontawesome-webfont.woff2 | 2022-07-14 20:44:21 | 77160
/Users/sameernd/Desktop/SIEPR_RA/sameer_template/template/lib/gslab_make/docs/_static/graphviz.css | 2022-07-14 20:44:21 | 299
/Users/sameernd/Desktop/SIEPR_RA/sameer_template/template/lib/gslab_make/test/raw/run_program/perl_script_arg.pl | 2022-07-14 20:44:22 | 206
/Users/sameernd/Desktop/SIEPR_RA/sameer_template/template/lib/gslab_make/sphinx/build/doctrees/pages/general_logging.doctree | 2022-07-14 20:44:21 | 35223
/Users/sameernd/Desktop/SIEPR_RA/sameer_template/template/lib/gslab_make/docs/_static/css/fonts/Roboto-Slab-Regular.woff2 | 2022-07-14 20:44:21 | 66444
/Users/sameernd/Desktop/SIEPR_RA/sameer_template/template/lib/gslab_make/docs/pages/api/make_utility/gslab_make.make_utility.copy_output.html | 2022-07-14 20:44:21 | 7276
/Users/sameernd/Desktop/SIEPR_RA/sameer_template/template/lib/gslab_make/sphinx/build/html/index.html | 2022-07-14 20:44:22 | 7356
/Users/sameernd/Desktop/SIEPR_RA/sameer_template/template/lib/gslab_make/docs/pages/api/tablefill/gslab_make.tablefill.tablefill.html | 2022-07-14 20:44:21 | 16332
/Users/sameernd/Desktop/SIEPR_RA/sameer_template/template/lib/gslab_make/test/EXCLUDE_test_perl.py | 2022-07-14 20:44:22 | 9024
/Users/sameernd/Desktop/SIEPR_RA/sameer_template/template/lib/gslab_make/sphinx/build/html/pages/api/check_repo/gslab_make.check_repo.get_modified_sources.html | 2022-07-14 20:44:22 | 8379
/Users/sameernd/Desktop/SIEPR_RA/sameer_template/template/lib/gslab_make/sphinx/build/html/_static/documentation_options.js | 2022-07-14 20:44:21 | 422
/Users/sameernd/Desktop/SIEPR_RA/sameer_template/template/lib/gslab_make/docs/_static/fonts/RobotoSlab/roboto-slab-v7-regular.eot | 2022-07-14 20:44:21 | 78331
/Users/sameernd/Desktop/SIEPR_RA/sameer_template/template/lib/gslab_make/test/raw/log_sources/dir_╬▓/file_╬▓.txt | 2022-07-14 20:44:22 | 25
/Users/sameernd/Desktop/SIEPR_RA/sameer_template/template/lib/gslab_make/docs/_static/css/fonts/fontawesome-webfont.eot | 2022-07-14 20:44:21 | 165742
/Users/sameernd/Desktop/SIEPR_RA/sameer_template/template/lib/gslab_make/docs/_sources/pages/dummy.rst.txt | 2022-07-14 20:44:21 | 741
/Users/sameernd/Desktop/SIEPR_RA/sameer_template/template/lib/gslab_make/docs/pages/api/make_utility/gslab_make.make_utility.update_executables.html | 2022-07-14 20:44:21 | 7972
/Users/sameernd/Desktop/SIEPR_RA/sameer_template/template/lib/gslab_make/test/raw/run_program/perl_script.pl | 2022-07-14 20:44:22 | 208
/Users/sameernd/Desktop/SIEPR_RA/sameer_template/template/lib/gslab_make/sphinx/build/html/_static/css/fonts/Roboto-Slab-Bold.woff | 2022-07-14 20:44:21 | 87624
/Users/sameernd/Desktop/SIEPR_RA/sameer_template/template/lib/gslab_make/docs/_sources/pages/api/write_logs/gslab_make.write_logs.end_makelog.rst.txt | 2022-07-14 20:44:21 | 97
/Users/sameernd/Desktop/SIEPR_RA/sameer_template/template/lib/gslab_make/docs/pages/api/modify_dir/gslab_make.modify_dir.unzip.html | 2022-07-14 20:44:21 | 6505
/Users/sameernd/Desktop/SIEPR_RA/sameer_template/template/lib/gslab_make/docs/pages/api/run_program/gslab_make.run_program.run_jupyter.html | 2022-07-14 20:44:21 | 10515
/Users/sameernd/Desktop/SIEPR_RA/sameer_template/template/lib/gslab_make/sphinx/source/pages/api/modify_dir/gslab_make.modify_dir.zip_dir.rst | 2022-07-14 20:44:22 | 85
/Users/sameernd/Desktop/SIEPR_RA/sameer_template/template/lib/gslab_make/sphinx/build/doctrees/pages/api/run_program/gslab_make.run_program.run_jupyter.doctree | 2022-07-14 20:44:21 | 13879
/Users/sameernd/Desktop/SIEPR_RA/sameer_template/template/lib/gslab_make/docs/_sources/pages/api/make_utility/gslab_make.make_utility.update_internal_paths.rst.txt | 2022-07-14 20:44:21 | 129
/Users/sameernd/Desktop/SIEPR_RA/sameer_template/template/lib/gslab_make/sphinx/build/html/_static/css/fonts/lato-normal-italic.woff | 2022-07-14 20:44:21 | 328412
/Users/sameernd/Desktop/SIEPR_RA/sameer_template/template/lib/gslab_make/sphinx/build/html/pages/api/make_utility/gslab_make.make_utility.copy_output.html | 2022-07-14 20:44:22 | 7276
/Users/sameernd/Desktop/SIEPR_RA/sameer_template/template/lib/gslab_make/sphinx/source/pages/api/run_program/gslab_make.run_program.run_r.rst | 2022-07-14 20:44:22 | 80
/Users/sameernd/Desktop/SIEPR_RA/sameer_template/template/lib/gslab_make/sphinx/build/html/searchindex.js | 2022-07-14 20:44:22 | 22582
/Users/sameernd/Desktop/SIEPR_RA/sameer_template/template/lib/gslab_make/test/raw/move_sources/move_empty.txt | 2022-07-14 20:44:22 | 22
/Users/sameernd/Desktop/SIEPR_RA/sameer_template/template/lib/gslab_make/build/lib/gslab_make/private/programdirective.py | 2022-07-14 20:44:21 | 10360
/Users/sameernd/Desktop/SIEPR_RA/sameer_template/template/lib/gslab_make/docs/_static/file.png | 2022-07-14 20:44:21 | 286
/Users/sameernd/Desktop/SIEPR_RA/sameer_template/template/lib/gslab_make/sphinx/build/doctrees/pages/api/run_program/gslab_make.run_program.run_stata.doctree | 2022-07-14 20:44:21 | 19165
/Users/sameernd/Desktop/SIEPR_RA/sameer_template/template/lib/gslab_make/docs/_sources/pages/api/run_program/gslab_make.run_program.run_python.rst.txt | 2022-07-14 20:44:21 | 95
/Users/sameernd/Desktop/SIEPR_RA/sameer_template/template/lib/gslab_make/sphinx/build/html/pages/general_logging.html | 2022-07-14 20:44:22 | 14541
/Users/sameernd/Desktop/SIEPR_RA/sameer_template/template/lib/gslab_make/build/lib/gslab_make/modify_dir.py | 2022-07-14 20:44:21 | 7384
/Users/sameernd/Desktop/SIEPR_RA/sameer_template/template/lib/gslab_make/sphinx/source/pages/api/run_program/gslab_make.run_program.run_stat_transfer.rst | 2022-07-14 20:44:22 | 116
/Users/sameernd/Desktop/SIEPR_RA/sameer_template/template/lib/gslab_make/test/raw/run_program/python_script.py | 2022-07-14 20:44:22 | 169
/Users/sameernd/Desktop/SIEPR_RA/sameer_template/template/lib/gslab_make/sphinx/source/pages/repository.rst | 2022-07-14 20:44:22 | 363
/Users/sameernd/Desktop/SIEPR_RA/sameer_template/template/lib/gslab_make/sphinx/build/doctrees/pages/api/move_sources/gslab_make.move_sources.link_inputs.doctree | 2022-07-14 20:44:21 | 21273
/Users/sameernd/Desktop/SIEPR_RA/sameer_template/template/lib/gslab_make/gslab_make/private/subprocess_fix.py | 2022-07-14 20:44:21 | 5428
/Users/sameernd/Desktop/SIEPR_RA/sameer_template/template/lib/gslab_make/sphinx/build/html/_static/css/fonts/fontawesome-webfont.eot | 2022-07-14 20:44:21 | 165742
/Users/sameernd/Desktop/SIEPR_RA/sameer_template/template/lib/gslab_make/test/raw/log_sources/move_depth.txt | 2022-07-14 20:44:22 | 65
/Users/sameernd/Desktop/SIEPR_RA/sameer_template/template/lib/gslab_make/build/lib/gslab_make/private/metadata.py | 2022-07-14 20:44:21 | 3937
/Users/sameernd/Desktop/SIEPR_RA/sameer_template/template/lib/gslab_make/sphinx/build/html/_sources/pages/api/run_program/gslab_make.run_program.run_sas.rst.txt | 2022-07-14 20:44:21 | 86
/Users/sameernd/Desktop/SIEPR_RA/sameer_template/template/lib/gslab_make/sphinx/build/html/_static/css/badge_only.css | 2022-07-14 20:44:21 | 3275
/Users/sameernd/Desktop/SIEPR_RA/sameer_template/template/lib/gslab_make/docs/_static/fonts/Lato/lato-italic.woff2 | 2022-07-14 20:44:21 | 195704
/Users/sameernd/Desktop/SIEPR_RA/sameer_template/template/lib/gslab_make/sphinx/build/html/_sources/pages/api/write_logs/gslab_make.write_logs.start_makelog.rst.txt | 2022-07-14 20:44:21 | 103
/Users/sameernd/Desktop/SIEPR_RA/sameer_template/template/lib/gslab_make/docs/_static/css/fonts/Roboto-Slab-Bold.woff | 2022-07-14 20:44:21 | 87624
/Users/sameernd/Desktop/SIEPR_RA/sameer_template/template/lib/gslab_make/test/raw/run_program/lyx_file_handout_handout.lyx.bak | 2022-07-14 20:44:22 | 2000
/Users/sameernd/Desktop/SIEPR_RA/sameer_template/template/lib/gslab_make/test/raw/run_program/lyx_file_beamer.lyx | 2022-07-14 20:44:22 | 2000
/Users/sameernd/Desktop/SIEPR_RA/sameer_template/template/lib/gslab_make/sphinx/build/html/_static/css/fonts/Roboto-Slab-Bold.woff2 | 2022-07-14 20:44:21 | 67312
/Users/sameernd/Desktop/SIEPR_RA/sameer_template/template/lib/gslab_make/build/lib/test/EXCLUDE_test_R.py | 2022-07-14 20:44:21 | 8908
/Users/sameernd/Desktop/SIEPR_RA/sameer_template/template/lib/gslab_make/docs/_static/js/html5shiv-printshiv.min.js | 2022-07-14 20:44:21 | 4370
/Users/sameernd/Desktop/SIEPR_RA/sameer_template/template/lib/gslab_make/gslab_make/private/__pycache__/__init__.cpython-37.pyc | 2022-07-14 20:45:02 | 135
/Users/sameernd/Desktop/SIEPR_RA/sameer_template/template/lib/gslab_make/sphinx/build/doctrees/pages/api/run_program/gslab_make.run_program.run_lyx.doctree | 2022-07-14 20:44:21 | 22053
/Users/sameernd/Desktop/SIEPR_RA/sameer_template/template/lib/gslab_make/docs/_sources/pages/api/check_repo/gslab_make.check_repo.check_module_size.rst.txt | 2022-07-14 20:44:21 | 115
/Users/sameernd/Desktop/SIEPR_RA/sameer_template/template/lib/gslab_make/test/raw/log_outputs/dir_depth/dir_depth/depth_2.txt | 2022-07-14 20:44:22 | 20
/Users/sameernd/Desktop/SIEPR_RA/sameer_template/template/lib/gslab_make/docs/genindex.html | 2022-07-14 20:44:21 | 12932
/Users/sameernd/Desktop/SIEPR_RA/sameer_template/template/lib/gslab_make/test/raw/move_sources/move_╬▓.txt | 2022-07-14 20:44:22 | 78
/Users/sameernd/Desktop/SIEPR_RA/sameer_template/template/lib/gslab_make/sphinx/source/pages/api/modify_dir/gslab_make.modify_dir.clear_dir.rst | 2022-07-14 20:44:22 | 91
/Users/sameernd/Desktop/SIEPR_RA/sameer_template/template/lib/gslab_make/sphinx/build/doctrees/pages/specifying_paths.doctree | 2022-07-14 20:44:21 | 16988
/Users/sameernd/Desktop/SIEPR_RA/sameer_template/template/lib/gslab_make/docs/_sources/pages/api/write_source_logs/gslab_make.write_source_logs.write_source_logs.rst.txt | 2022-07-14 20:44:21 | 122
/Users/sameernd/Desktop/SIEPR_RA/sameer_template/template/lib/gslab_make/test/raw/log_outputs/dir_depth/depth_1.txt | 2022-07-14 20:44:22 | 20
/Users/sameernd/Desktop/SIEPR_RA/sameer_template/template/lib/gslab_make/sphinx/build/html/_static/plus.png | 2022-07-14 20:44:22 | 90
/Users/sameernd/Desktop/SIEPR_RA/sameer_template/template/lib/gslab_make/docs/_static/fonts/RobotoSlab/roboto-slab-v7-bold.woff | 2022-07-14 20:44:21 | 87624
/Users/sameernd/Desktop/SIEPR_RA/sameer_template/template/lib/gslab_make/docs/pages/api/run_program/gslab_make.run_program.run_latex.html | 2022-07-14 20:44:21 | 11465
/Users/sameernd/Desktop/SIEPR_RA/sameer_template/template/lib/gslab_make/sphinx/build/html/_sources/pages/api/write_logs/gslab_make.write_logs.log_files_in_output.rst.txt | 2022-07-14 20:44:21 | 121
/Users/sameernd/Desktop/SIEPR_RA/sameer_template/template/lib/gslab_make/test/raw/move_sources/move_bad.txt | 2022-07-14 20:44:22 | 31
/Users/sameernd/Desktop/SIEPR_RA/sameer_template/template/lib/gslab_make/docs/_static/css/fonts/fontawesome-webfont.woff2 | 2022-07-14 20:44:21 | 77160
/Users/sameernd/Desktop/SIEPR_RA/sameer_template/template/lib/gslab_make/docs/_sources/pages/api/check_repo/gslab_make.check_repo.get_modified_sources.rst.txt | 2022-07-14 20:44:21 | 124
/Users/sameernd/Desktop/SIEPR_RA/sameer_template/template/lib/gslab_make/docs/_static/fonts/RobotoSlab/roboto-slab-v7-bold.eot | 2022-07-14 20:44:21 | 79520
/Users/sameernd/Desktop/SIEPR_RA/sameer_template/template/lib/gslab_make/docs/_static/css/fonts/fontawesome-webfont.svg | 2022-07-14 20:44:21 | 444379
/Users/sameernd/Desktop/SIEPR_RA/sameer_template/template/lib/gslab_make/sphinx/source/pages/api/write_logs/gslab_make.write_logs.write_to_makelog.rst | 2022-07-14 20:44:22 | 112
/Users/sameernd/Desktop/SIEPR_RA/sameer_template/template/lib/gslab_make/sphinx/build/html/_sources/pages/api/make_utility/gslab_make.make_utility.update_executables.rst.txt | 2022-07-14 20:44:21 | 120
/Users/sameernd/Desktop/SIEPR_RA/sameer_template/template/lib/gslab_make/sphinx/build/html/_sources/pages/api/modify_dir/gslab_make.modify_dir.clear_dir.rst.txt | 2022-07-14 20:44:21 | 91
/Users/sameernd/Desktop/SIEPR_RA/sameer_template/template/lib/gslab_make/sphinx/source/pages/api/check_repo/gslab_make.check_repo.check_conda_status.rst | 2022-07-14 20:44:22 | 118
/Users/sameernd/Desktop/SIEPR_RA/sameer_template/template/lib/gslab_make/docs/pages/program.html | 2022-07-14 20:44:21 | 61809
/Users/sameernd/Desktop/SIEPR_RA/sameer_template/template/lib/gslab_make/test/raw/tablefill/tablefill_template.lyx | 2022-07-14 20:44:22 | 4256
/Users/sameernd/Desktop/SIEPR_RA/sameer_template/template/lib/gslab_make/CODE_OF_CONDUCT.md | 2022-07-14 20:44:21 | 3353
/Users/sameernd/Desktop/SIEPR_RA/sameer_template/template/lib/gslab_make/sphinx/build/html/_static/fonts/fontawesome-webfont.woff2 | 2022-07-14 20:44:22 | 77160
/Users/sameernd/Desktop/SIEPR_RA/sameer_template/template/lib/gslab_make/docs/_static/fonts/fontawesome-webfont.ttf | 2022-07-14 20:44:21 | 165548
/Users/sameernd/Desktop/SIEPR_RA/sameer_template/template/lib/gslab_make/docs/_static/fonts/Lato-Regular.ttf | 2022-07-14 20:44:21 | 656568
/Users/sameernd/Desktop/SIEPR_RA/sameer_template/template/lib/gslab_make/sphinx/build/html/_sources/pages/api/run_program/gslab_make.run_program.run_lyx.rst.txt | 2022-07-14 20:44:21 | 86
/Users/sameernd/Desktop/SIEPR_RA/sameer_template/template/lib/gslab_make/docs/_static/jquery-3.5.1.js | 2022-07-14 20:44:21 | 287630
/Users/sameernd/Desktop/SIEPR_RA/sameer_template/template/lib/gslab_make/test/WIP_test_matlab.py | 2022-07-14 20:44:22 | 8781
/Users/sameernd/Desktop/SIEPR_RA/sameer_template/template/lib/gslab_make/test/raw/run_program/r_script.R | 2022-07-14 20:44:22 | 100
/Users/sameernd/Desktop/SIEPR_RA/sameer_template/template/lib/gslab_make/sphinx/build/html/pages/repository.html | 2022-07-14 20:44:22 | 11054
/Users/sameernd/Desktop/SIEPR_RA/sameer_template/template/lib/gslab_make/sphinx/build/html/_static/fonts/RobotoSlab/roboto-slab-v7-regular.eot | 2022-07-14 20:44:22 | 78331
/Users/sameernd/Desktop/SIEPR_RA/sameer_template/template/lib/gslab_make/sphinx/build/html/_static/fonts/Inconsolata-Regular.ttf | 2022-07-14 20:44:21 | 96964
/Users/sameernd/Desktop/SIEPR_RA/sameer_template/template/lib/gslab_make/sphinx/source/pages/api/make_utility/gslab_make.make_utility.update_executables.rst | 2022-07-14 20:44:22 | 120
/Users/sameernd/Desktop/SIEPR_RA/sameer_template/template/lib/gslab_make/sphinx/build/html/_sources/pages/repository.rst.txt | 2022-07-14 20:44:21 | 363
/Users/sameernd/Desktop/SIEPR_RA/sameer_template/template/lib/gslab_make/test/raw/run_program/perl_script space.pl | 2022-07-14 20:44:22 | 208
/Users/sameernd/Desktop/SIEPR_RA/sameer_template/template/lib/gslab_make/sphinx/build/html/_static/fonts/Lato/lato-italic.woff2 | 2022-07-14 20:44:22 | 195704
/Users/sameernd/Desktop/SIEPR_RA/sameer_template/template/lib/gslab_make/sphinx/make.bat | 2022-07-14 20:44:22 | 941
/Users/sameernd/Desktop/SIEPR_RA/sameer_template/template/lib/gslab_make/sphinx/build/html/_static/css/fonts/Roboto-Slab-Regular.woff | 2022-07-14 20:44:21 | 86288
/Users/sameernd/Desktop/SIEPR_RA/sameer_template/template/lib/gslab_make/build/lib/gslab_make/make_utility.py | 2022-07-14 20:44:21 | 5785
/Users/sameernd/Desktop/SIEPR_RA/sameer_template/template/lib/gslab_make/docs/_static/css/fonts/lato-bold.woff | 2022-07-14 20:44:21 | 309728
/Users/sameernd/Desktop/SIEPR_RA/sameer_template/template/lib/gslab_make/test/EXCLUDE_test_stata.py | 2022-07-14 20:44:22 | 8779
/Users/sameernd/Desktop/SIEPR_RA/sameer_template/template/lib/gslab_make/sphinx/build/html/_static/file.png | 2022-07-14 20:44:21 | 286
/Users/sameernd/Desktop/SIEPR_RA/sameer_template/template/lib/gslab_make/sphinx/build/html/_static/fonts/Lato/lato-italic.woff | 2022-07-14 20:44:22 | 328412
/Users/sameernd/Desktop/SIEPR_RA/sameer_template/template/lib/gslab_make/sphinx/source/pages/api/move_sources/gslab_make.move_sources.link_externals.rst | 2022-07-14 20:44:22 | 108
/Users/sameernd/Desktop/SIEPR_RA/sameer_template/template/lib/gslab_make/test/raw/run_program/python_script_é.py | 2022-07-14 20:44:22 | 169
/Users/sameernd/Desktop/SIEPR_RA/sameer_template/template/lib/gslab_make/gslab_make/__pycache__/__init__.cpython-37.pyc | 2022-07-14 20:45:02 | 1603
/Users/sameernd/Desktop/SIEPR_RA/sameer_template/template/lib/gslab_make/sphinx/build/html/_sources/pages/api/make_utility/gslab_make.make_utility.update_internal_paths.rst.txt | 2022-07-14 20:44:21 | 129
/Users/sameernd/Desktop/SIEPR_RA/sameer_template/template/lib/gslab_make/docs/_static/searchtools.js | 2022-07-14 20:44:21 | 16634
/Users/sameernd/Desktop/SIEPR_RA/sameer_template/template/lib/gslab_make/sphinx/build/html/_static/css/fonts/lato-bold.woff2 | 2022-07-14 20:44:21 | 184912
/Users/sameernd/Desktop/SIEPR_RA/sameer_template/template/lib/gslab_make/sphinx/source/pages/api/run_program/gslab_make.run_program.run_jupyter.rst | 2022-07-14 20:44:22 | 98
/Users/sameernd/Desktop/SIEPR_RA/sameer_template/template/lib/gslab_make/sphinx/build/html/_static/fonts/Inconsolata-Bold.ttf | 2022-07-14 20:44:21 | 109948
/Users/sameernd/Desktop/SIEPR_RA/sameer_template/template/lib/gslab_make/gslab_make/private/__pycache__/messages.cpython-37.pyc | 2022-07-14 20:45:02 | 5511
/Users/sameernd/Desktop/SIEPR_RA/sameer_template/template/lib/gslab_make/sphinx/source/pages/api/modify_dir/gslab_make.modify_dir.remove_dir.rst | 2022-07-14 20:44:22 | 94
